2020-08-14 00:02:14.708  WARN [library-service-app,,,] 2763 --- [HikariPool-1 housekeeper] com.zaxxer.hikari.pool.HikariPool        : HikariPool-1 - Thread starvation or clock leap detected (housekeeper delta=30m4s689ms).
2020-08-14 00:32:27.297  WARN [library-service-app,,,] 2763 --- [HikariPool-1 housekeeper] com.zaxxer.hikari.pool.HikariPool        : HikariPool-1 - Thread starvation or clock leap detected (housekeeper delta=30m12s589ms).
2020-08-14 00:43:15.504  WARN [library-service-app,,,] 2763 --- [HikariPool-1 housekeeper] com.zaxxer.hikari.pool.HikariPool        : HikariPool-1 - Thread starvation or clock leap detected (housekeeper delta=10m48s207ms).
2020-08-14 00:44:15.253  WARN [library-service-app,,,] 2763 --- [HikariPool-1 housekeeper] com.zaxxer.hikari.pool.HikariPool        : HikariPool-1 - Retrograde clock change detected (housekeeper delta=29s745ms), soft-evicting connections from pool.
2020-08-14 00:45:52.813  INFO [library-service-app,,,] 2763 --- [AsyncResolver-bootstrap-executor-0] c.n.d.s.r.aws.ConfigClusterResolver      : Resolving eureka endpoints via configuration
2020-08-14 00:50:52.824  INFO [library-service-app,,,] 2763 --- [AsyncResolver-bootstrap-executor-0] c.n.d.s.r.aws.ConfigClusterResolver      : Resolving eureka endpoints via configuration
2020-08-14 00:55:52.831  INFO [library-service-app,,,] 2763 --- [AsyncResolver-bootstrap-executor-0] c.n.d.s.r.aws.ConfigClusterResolver      : Resolving eureka endpoints via configuration
2020-08-14 01:00:52.976  INFO [library-service-app,,,] 2763 --- [AsyncResolver-bootstrap-executor-0] c.n.d.s.r.aws.ConfigClusterResolver      : Resolving eureka endpoints via configuration
2020-08-14 01:05:52.979  INFO [library-service-app,,,] 2763 --- [AsyncResolver-bootstrap-executor-0] c.n.d.s.r.aws.ConfigClusterResolver      : Resolving eureka endpoints via configuration
2020-08-14 01:10:52.987  INFO [library-service-app,,,] 2763 --- [AsyncResolver-bootstrap-executor-0] c.n.d.s.r.aws.ConfigClusterResolver      : Resolving eureka endpoints via configuration
2020-08-14 01:15:52.997  INFO [library-service-app,,,] 2763 --- [AsyncResolver-bootstrap-executor-0] c.n.d.s.r.aws.ConfigClusterResolver      : Resolving eureka endpoints via configuration
2020-08-14 01:20:53.002  INFO [library-service-app,,,] 2763 --- [AsyncResolver-bootstrap-executor-0] c.n.d.s.r.aws.ConfigClusterResolver      : Resolving eureka endpoints via configuration
2020-08-14 01:25:53.009  INFO [library-service-app,,,] 2763 --- [AsyncResolver-bootstrap-executor-0] c.n.d.s.r.aws.ConfigClusterResolver      : Resolving eureka endpoints via configuration
2020-08-14 01:30:53.014  INFO [library-service-app,,,] 2763 --- [AsyncResolver-bootstrap-executor-0] c.n.d.s.r.aws.ConfigClusterResolver      : Resolving eureka endpoints via configuration
2020-08-14 01:35:53.020  INFO [library-service-app,,,] 2763 --- [AsyncResolver-bootstrap-executor-0] c.n.d.s.r.aws.ConfigClusterResolver      : Resolving eureka endpoints via configuration
2020-08-14 01:40:53.026  INFO [library-service-app,,,] 2763 --- [AsyncResolver-bootstrap-executor-0] c.n.d.s.r.aws.ConfigClusterResolver      : Resolving eureka endpoints via configuration
2020-08-14 01:45:53.030  INFO [library-service-app,,,] 2763 --- [AsyncResolver-bootstrap-executor-0] c.n.d.s.r.aws.ConfigClusterResolver      : Resolving eureka endpoints via configuration
2020-08-14 01:50:53.033  INFO [library-service-app,,,] 2763 --- [AsyncResolver-bootstrap-executor-0] c.n.d.s.r.aws.ConfigClusterResolver      : Resolving eureka endpoints via configuration
2020-08-14 01:55:53.039  INFO [library-service-app,,,] 2763 --- [AsyncResolver-bootstrap-executor-0] c.n.d.s.r.aws.ConfigClusterResolver      : Resolving eureka endpoints via configuration
2020-08-14 02:00:53.044  INFO [library-service-app,,,] 2763 --- [AsyncResolver-bootstrap-executor-0] c.n.d.s.r.aws.ConfigClusterResolver      : Resolving eureka endpoints via configuration
2020-08-14 02:05:53.050  INFO [library-service-app,,,] 2763 --- [AsyncResolver-bootstrap-executor-0] c.n.d.s.r.aws.ConfigClusterResolver      : Resolving eureka endpoints via configuration
2020-08-14 02:10:53.058  INFO [library-service-app,,,] 2763 --- [AsyncResolver-bootstrap-executor-0] c.n.d.s.r.aws.ConfigClusterResolver      : Resolving eureka endpoints via configuration
2020-08-14 02:15:53.087  INFO [library-service-app,,,] 2763 --- [AsyncResolver-bootstrap-executor-0] c.n.d.s.r.aws.ConfigClusterResolver      : Resolving eureka endpoints via configuration
2020-08-14 02:20:53.095  INFO [library-service-app,,,] 2763 --- [AsyncResolver-bootstrap-executor-0] c.n.d.s.r.aws.ConfigClusterResolver      : Resolving eureka endpoints via configuration
2020-08-14 02:25:53.103  INFO [library-service-app,,,] 2763 --- [AsyncResolver-bootstrap-executor-0] c.n.d.s.r.aws.ConfigClusterResolver      : Resolving eureka endpoints via configuration
2020-08-14 02:30:53.122  INFO [library-service-app,,,] 2763 --- [AsyncResolver-bootstrap-executor-0] c.n.d.s.r.aws.ConfigClusterResolver      : Resolving eureka endpoints via configuration
2020-08-14 02:35:53.128  INFO [library-service-app,,,] 2763 --- [AsyncResolver-bootstrap-executor-0] c.n.d.s.r.aws.ConfigClusterResolver      : Resolving eureka endpoints via configuration
2020-08-14 02:41:29.715  WARN [library-service-app,,,] 2763 --- [HikariPool-1 housekeeper] com.zaxxer.hikari.pool.HikariPool        : HikariPool-1 - Thread starvation or clock leap detected (housekeeper delta=5m13s331ms).
2020-08-14 10:00:09.152  WARN [library-service-app,,,] 2763 --- [HikariPool-1 housekeeper] com.zaxxer.hikari.pool.HikariPool        : HikariPool-1 - Thread starvation or clock leap detected (housekeeper delta=7h18m39s427ms).
2020-08-14 10:05:22.526  WARN [library-service-app,,,] 2763 --- [HikariPool-1 housekeeper] com.zaxxer.hikari.pool.HikariPool        : HikariPool-1 - Thread starvation or clock leap detected (housekeeper delta=5m13s384ms).
2020-08-14 11:35:10.773  WARN [library-service-app,,,] 2763 --- [HikariPool-1 housekeeper] com.zaxxer.hikari.pool.HikariPool        : HikariPool-1 - Thread starvation or clock leap detected (housekeeper delta=1h29m48s247ms).
2020-08-14 11:39:25.189  WARN [library-service-app,,,] 2763 --- [HikariPool-1 housekeeper] com.zaxxer.hikari.pool.HikariPool        : HikariPool-1 - Thread starvation or clock leap detected (housekeeper delta=3m14s406ms).
2020-08-14 11:40:14.639  INFO [library-service-app,,,] 2763 --- [AsyncResolver-bootstrap-executor-0] c.n.d.s.r.aws.ConfigClusterResolver      : Resolving eureka endpoints via configuration
2020-08-14 11:45:14.638  INFO [library-service-app,,,] 2763 --- [AsyncResolver-bootstrap-executor-0] c.n.d.s.r.aws.ConfigClusterResolver      : Resolving eureka endpoints via configuration
2020-08-14 11:50:14.650  INFO [library-service-app,,,] 2763 --- [AsyncResolver-bootstrap-executor-0] c.n.d.s.r.aws.ConfigClusterResolver      : Resolving eureka endpoints via configuration
2020-08-14 12:01:32.378  WARN [library-service-app,,,] 2763 --- [HikariPool-1 housekeeper] com.zaxxer.hikari.pool.HikariPool        : HikariPool-1 - Thread starvation or clock leap detected (housekeeper delta=11m7s71ms).
2020-08-14 12:05:51.722  INFO [library-service-app,,,] 2763 --- [AsyncResolver-bootstrap-executor-0] c.n.d.s.r.aws.ConfigClusterResolver      : Resolving eureka endpoints via configuration
2020-08-14 12:10:51.732  INFO [library-service-app,,,] 2763 --- [AsyncResolver-bootstrap-executor-0] c.n.d.s.r.aws.ConfigClusterResolver      : Resolving eureka endpoints via configuration
2020-08-14 12:15:51.733  INFO [library-service-app,,,] 2763 --- [AsyncResolver-bootstrap-executor-0] c.n.d.s.r.aws.ConfigClusterResolver      : Resolving eureka endpoints via configuration
2020-08-14 12:20:51.743  INFO [library-service-app,,,] 2763 --- [AsyncResolver-bootstrap-executor-0] c.n.d.s.r.aws.ConfigClusterResolver      : Resolving eureka endpoints via configuration
2020-08-14 12:25:51.748  INFO [library-service-app,,,] 2763 --- [AsyncResolver-bootstrap-executor-0] c.n.d.s.r.aws.ConfigClusterResolver      : Resolving eureka endpoints via configuration
2020-08-14 12:30:51.756  INFO [library-service-app,,,] 2763 --- [AsyncResolver-bootstrap-executor-0] c.n.d.s.r.aws.ConfigClusterResolver      : Resolving eureka endpoints via configuration
2020-08-14 12:35:51.764  INFO [library-service-app,,,] 2763 --- [AsyncResolver-bootstrap-executor-0] c.n.d.s.r.aws.ConfigClusterResolver      : Resolving eureka endpoints via configuration
2020-08-14 12:40:51.773  INFO [library-service-app,,,] 2763 --- [AsyncResolver-bootstrap-executor-0] c.n.d.s.r.aws.ConfigClusterResolver      : Resolving eureka endpoints via configuration
2020-08-14 12:45:51.780  INFO [library-service-app,,,] 2763 --- [AsyncResolver-bootstrap-executor-0] c.n.d.s.r.aws.ConfigClusterResolver      : Resolving eureka endpoints via configuration
2020-08-14 12:50:51.784  INFO [library-service-app,,,] 2763 --- [AsyncResolver-bootstrap-executor-0] c.n.d.s.r.aws.ConfigClusterResolver      : Resolving eureka endpoints via configuration
2020-08-14 12:55:51.799  INFO [library-service-app,,,] 2763 --- [AsyncResolver-bootstrap-executor-0] c.n.d.s.r.aws.ConfigClusterResolver      : Resolving eureka endpoints via configuration
2020-08-14 13:00:51.804  INFO [library-service-app,,,] 2763 --- [AsyncResolver-bootstrap-executor-0] c.n.d.s.r.aws.ConfigClusterResolver      : Resolving eureka endpoints via configuration
2020-08-14 13:05:51.811  INFO [library-service-app,,,] 2763 --- [AsyncResolver-bootstrap-executor-0] c.n.d.s.r.aws.ConfigClusterResolver      : Resolving eureka endpoints via configuration
2020-08-14 13:10:51.826  INFO [library-service-app,,,] 2763 --- [AsyncResolver-bootstrap-executor-0] c.n.d.s.r.aws.ConfigClusterResolver      : Resolving eureka endpoints via configuration
2020-08-14 13:15:51.833  INFO [library-service-app,,,] 2763 --- [AsyncResolver-bootstrap-executor-0] c.n.d.s.r.aws.ConfigClusterResolver      : Resolving eureka endpoints via configuration
2020-08-14 13:20:51.838  INFO [library-service-app,,,] 2763 --- [AsyncResolver-bootstrap-executor-0] c.n.d.s.r.aws.ConfigClusterResolver      : Resolving eureka endpoints via configuration
2020-08-14 13:25:51.854  INFO [library-service-app,,,] 2763 --- [AsyncResolver-bootstrap-executor-0] c.n.d.s.r.aws.ConfigClusterResolver      : Resolving eureka endpoints via configuration
2020-08-14 13:30:51.859  INFO [library-service-app,,,] 2763 --- [AsyncResolver-bootstrap-executor-0] c.n.d.s.r.aws.ConfigClusterResolver      : Resolving eureka endpoints via configuration
2020-08-14 13:35:51.865  INFO [library-service-app,,,] 2763 --- [AsyncResolver-bootstrap-executor-0] c.n.d.s.r.aws.ConfigClusterResolver      : Resolving eureka endpoints via configuration
2020-08-14 13:40:51.876  INFO [library-service-app,,,] 2763 --- [AsyncResolver-bootstrap-executor-0] c.n.d.s.r.aws.ConfigClusterResolver      : Resolving eureka endpoints via configuration
2020-08-14 13:45:51.883  INFO [library-service-app,,,] 2763 --- [AsyncResolver-bootstrap-executor-0] c.n.d.s.r.aws.ConfigClusterResolver      : Resolving eureka endpoints via configuration
2020-08-14 13:51:05.261  INFO [library-service-app,,,] 2763 --- [AsyncResolver-bootstrap-executor-0] c.n.d.s.r.aws.ConfigClusterResolver      : Resolving eureka endpoints via configuration
2020-08-14 13:56:05.265  INFO [library-service-app,,,] 2763 --- [AsyncResolver-bootstrap-executor-0] c.n.d.s.r.aws.ConfigClusterResolver      : Resolving eureka endpoints via configuration
2020-08-14 14:03:59.925  WARN [library-service-app,,,] 2763 --- [HikariPool-1 housekeeper] com.zaxxer.hikari.pool.HikariPool        : HikariPool-1 - Thread starvation or clock leap detected (housekeeper delta=5m13s303ms).
2020-08-14 14:24:20.911  WARN [library-service-app,,,] 2763 --- [HikariPool-1 housekeeper] com.zaxxer.hikari.pool.HikariPool        : HikariPool-1 - Thread starvation or clock leap detected (housekeeper delta=20m20s986ms).
2020-08-14 14:51:04.719  WARN [library-service-app,,,] 2763 --- [HikariPool-1 housekeeper] com.zaxxer.hikari.pool.HikariPool        : HikariPool-1 - Thread starvation or clock leap detected (housekeeper delta=26m43s808ms).
2020-08-14 14:51:53.342  INFO [library-service-app,,,] 2763 --- [AsyncResolver-bootstrap-executor-0] c.n.d.s.r.aws.ConfigClusterResolver      : Resolving eureka endpoints via configuration
2020-08-14 14:56:53.347  INFO [library-service-app,,,] 2763 --- [AsyncResolver-bootstrap-executor-0] c.n.d.s.r.aws.ConfigClusterResolver      : Resolving eureka endpoints via configuration
2020-08-14 15:01:53.357  INFO [library-service-app,,,] 2763 --- [AsyncResolver-bootstrap-executor-0] c.n.d.s.r.aws.ConfigClusterResolver      : Resolving eureka endpoints via configuration
2020-08-14 15:06:53.356  INFO [library-service-app,,,] 2763 --- [AsyncResolver-bootstrap-executor-0] c.n.d.s.r.aws.ConfigClusterResolver      : Resolving eureka endpoints via configuration
2020-08-14 15:11:53.361  INFO [library-service-app,,,] 2763 --- [AsyncResolver-bootstrap-executor-0] c.n.d.s.r.aws.ConfigClusterResolver      : Resolving eureka endpoints via configuration
2020-08-14 15:16:53.368  INFO [library-service-app,,,] 2763 --- [AsyncResolver-bootstrap-executor-0] c.n.d.s.r.aws.ConfigClusterResolver      : Resolving eureka endpoints via configuration
2020-08-14 15:21:53.374  INFO [library-service-app,,,] 2763 --- [AsyncResolver-bootstrap-executor-0] c.n.d.s.r.aws.ConfigClusterResolver      : Resolving eureka endpoints via configuration
2020-08-14 15:26:53.377  INFO [library-service-app,,,] 2763 --- [AsyncResolver-bootstrap-executor-0] c.n.d.s.r.aws.ConfigClusterResolver      : Resolving eureka endpoints via configuration
2020-08-14 15:31:53.379  INFO [library-service-app,,,] 2763 --- [AsyncResolver-bootstrap-executor-0] c.n.d.s.r.aws.ConfigClusterResolver      : Resolving eureka endpoints via configuration
2020-08-14 15:36:53.589  WARN [library-service-app,,,] 2763 --- [HikariPool-1 housekeeper] com.zaxxer.hikari.pool.HikariPool        : HikariPool-1 - Thread starvation or clock leap detected (housekeeper delta=4m18s631ms).
2020-08-14 15:42:06.915  WARN [library-service-app,,,] 2763 --- [HikariPool-1 housekeeper] com.zaxxer.hikari.pool.HikariPool        : HikariPool-1 - Thread starvation or clock leap detected (housekeeper delta=5m13s330ms).
2020-08-14 15:45:28.677  WARN [library-service-app,,,] 2763 --- [HikariPool-1 housekeeper] com.zaxxer.hikari.pool.HikariPool        : HikariPool-1 - Thread starvation or clock leap detected (housekeeper delta=3m21s762ms).
2020-08-14 15:48:17.055  INFO [library-service-app,,,] 2763 --- [AsyncResolver-bootstrap-executor-0] c.n.d.s.r.aws.ConfigClusterResolver      : Resolving eureka endpoints via configuration
2020-08-14 15:53:17.062  INFO [library-service-app,,,] 2763 --- [AsyncResolver-bootstrap-executor-0] c.n.d.s.r.aws.ConfigClusterResolver      : Resolving eureka endpoints via configuration
2020-08-14 15:58:17.069  INFO [library-service-app,,,] 2763 --- [AsyncResolver-bootstrap-executor-0] c.n.d.s.r.aws.ConfigClusterResolver      : Resolving eureka endpoints via configuration
2020-08-14 16:03:17.077  INFO [library-service-app,,,] 2763 --- [AsyncResolver-bootstrap-executor-0] c.n.d.s.r.aws.ConfigClusterResolver      : Resolving eureka endpoints via configuration
2020-08-14 16:08:17.084  INFO [library-service-app,,,] 2763 --- [AsyncResolver-bootstrap-executor-0] c.n.d.s.r.aws.ConfigClusterResolver      : Resolving eureka endpoints via configuration
2020-08-14 16:13:17.095  INFO [library-service-app,,,] 2763 --- [AsyncResolver-bootstrap-executor-0] c.n.d.s.r.aws.ConfigClusterResolver      : Resolving eureka endpoints via configuration
2020-08-14 16:18:17.102  INFO [library-service-app,,,] 2763 --- [AsyncResolver-bootstrap-executor-0] c.n.d.s.r.aws.ConfigClusterResolver      : Resolving eureka endpoints via configuration
2020-08-14 16:23:17.107  INFO [library-service-app,,,] 2763 --- [AsyncResolver-bootstrap-executor-0] c.n.d.s.r.aws.ConfigClusterResolver      : Resolving eureka endpoints via configuration
2020-08-14 16:28:17.118  INFO [library-service-app,,,] 2763 --- [AsyncResolver-bootstrap-executor-0] c.n.d.s.r.aws.ConfigClusterResolver      : Resolving eureka endpoints via configuration
2020-08-14 16:33:17.126  INFO [library-service-app,,,] 2763 --- [AsyncResolver-bootstrap-executor-0] c.n.d.s.r.aws.ConfigClusterResolver      : Resolving eureka endpoints via configuration
2020-08-14 16:38:17.134  INFO [library-service-app,,,] 2763 --- [AsyncResolver-bootstrap-executor-0] c.n.d.s.r.aws.ConfigClusterResolver      : Resolving eureka endpoints via configuration
2020-08-14 16:43:17.136  INFO [library-service-app,,,] 2763 --- [AsyncResolver-bootstrap-executor-0] c.n.d.s.r.aws.ConfigClusterResolver      : Resolving eureka endpoints via configuration
2020-08-14 16:48:17.142  INFO [library-service-app,,,] 2763 --- [AsyncResolver-bootstrap-executor-0] c.n.d.s.r.aws.ConfigClusterResolver      : Resolving eureka endpoints via configuration
2020-08-14 16:53:17.146  INFO [library-service-app,,,] 2763 --- [AsyncResolver-bootstrap-executor-0] c.n.d.s.r.aws.ConfigClusterResolver      : Resolving eureka endpoints via configuration
2020-08-14 16:58:17.154  INFO [library-service-app,,,] 2763 --- [AsyncResolver-bootstrap-executor-0] c.n.d.s.r.aws.ConfigClusterResolver      : Resolving eureka endpoints via configuration
2020-08-14 17:03:13.690  INFO [library-service-app,,,] 2763 --- [Thread-8] c.n.l.PollingServerListUpdater           : Shutting down the Executor Pool for PollingServerListUpdater
2020-08-14 17:03:13.755  INFO [library-service-app,,,] 2763 --- [SpringContextShutdownHook] o.s.c.n.e.s.EurekaServiceRegistry        : Unregistering application LIBRARY-SERVICE-APP with eureka with status DOWN
2020-08-14 17:03:13.759  WARN [library-service-app,,,] 2763 --- [SpringContextShutdownHook] com.netflix.discovery.DiscoveryClient    : Saw local status change event StatusChangeEvent [timestamp=1597404793757, current=DOWN, previous=UP]
2020-08-14 17:03:13.763  INFO [library-service-app,,,] 2763 --- [DiscoveryClient-InstanceInfoReplicator-0] com.netflix.discovery.DiscoveryClient    : DiscoveryClient_LIBRARY-SERVICE-APP/192.168.0.5:library-service-app:8802: registering service...
2020-08-14 17:03:13.839  INFO [library-service-app,,,] 2763 --- [DiscoveryClient-InstanceInfoReplicator-0] com.netflix.discovery.DiscoveryClient    : DiscoveryClient_LIBRARY-SERVICE-APP/192.168.0.5:library-service-app:8802 - registration status: 204
2020-08-14 17:03:14.095  INFO [library-service-app,,,] 2763 --- [SpringContextShutdownHook] j.LocalContainerEntityManagerFactoryBean : Closing JPA EntityManagerFactory for persistence unit 'default'
2020-08-14 17:03:14.279  INFO [library-service-app,,,] 2763 --- [SpringContextShutdownHook] o.s.s.concurrent.ThreadPoolTaskExecutor  : Shutting down ExecutorService 'applicationTaskExecutor'
2020-08-14 17:03:14.280  INFO [library-service-app,,,] 2763 --- [SpringContextShutdownHook] com.zaxxer.hikari.HikariDataSource       : HikariPool-1 - Shutdown initiated...
2020-08-14 17:03:14.298  INFO [library-service-app,,,] 2763 --- [SpringContextShutdownHook] com.zaxxer.hikari.HikariDataSource       : HikariPool-1 - Shutdown completed.
2020-08-14 17:03:15.239  INFO [library-service-app,,,] 2763 --- [SpringContextShutdownHook] c.n.u.concurrent.ShutdownEnabledTimer    : Shutdown hook removed for: NFLoadBalancer-PingTimer-book-service-app
2020-08-14 17:03:15.270  INFO [library-service-app,,,] 2763 --- [SpringContextShutdownHook] c.n.u.concurrent.ShutdownEnabledTimer    : Exception caught (might be ok if at shutdown)

java.lang.IllegalStateException: Shutdown in progress
	at java.base/java.lang.ApplicationShutdownHooks.remove(ApplicationShutdownHooks.java:82) ~[na:na]
	at java.base/java.lang.Runtime.removeShutdownHook(Runtime.java:242) ~[na:na]
	at com.netflix.util.concurrent.ShutdownEnabledTimer.cancel(ShutdownEnabledTimer.java:70) ~[netflix-commons-util-0.3.0.jar:0.3.0]
	at com.netflix.loadbalancer.BaseLoadBalancer.cancelPingTask(BaseLoadBalancer.java:632) ~[ribbon-loadbalancer-2.3.0.jar:2.3.0]
	at com.netflix.loadbalancer.BaseLoadBalancer.shutdown(BaseLoadBalancer.java:883) ~[ribbon-loadbalancer-2.3.0.jar:2.3.0]
	at com.netflix.loadbalancer.DynamicServerListLoadBalancer.shutdown(DynamicServerListLoadBalancer.java:285) ~[ribbon-loadbalancer-2.3.0.jar:2.3.0]
	at java.base/jdk.internal.reflect.NativeMethodAccessorImpl.invoke0(Native Method) ~[na:na]
	at java.base/jdk.internal.reflect.NativeMethodAccessorImpl.invoke(NativeMethodAccessorImpl.java:62) ~[na:na]
	at java.base/jdk.internal.reflect.DelegatingMethodAccessorImpl.invoke(DelegatingMethodAccessorImpl.java:43) ~[na:na]
	at java.base/java.lang.reflect.Method.invoke(Method.java:564) ~[na:na]
	at org.springframework.beans.factory.support.DisposableBeanAdapter.invokeCustomDestroyMethod(DisposableBeanAdapter.java:339) ~[spring-beans-5.2.8.RELEASE.jar:5.2.8.RELEASE]
	at org.springframework.beans.factory.support.DisposableBeanAdapter.destroy(DisposableBeanAdapter.java:273) ~[spring-beans-5.2.8.RELEASE.jar:5.2.8.RELEASE]
	at org.springframework.beans.factory.support.DefaultSingletonBeanRegistry.destroyBean(DefaultSingletonBeanRegistry.java:579) ~[spring-beans-5.2.8.RELEASE.jar:5.2.8.RELEASE]
	at org.springframework.beans.factory.support.DefaultSingletonBeanRegistry.destroySingleton(DefaultSingletonBeanRegistry.java:551) ~[spring-beans-5.2.8.RELEASE.jar:5.2.8.RELEASE]
	at org.springframework.beans.factory.support.DefaultListableBeanFactory.destroySingleton(DefaultListableBeanFactory.java:1092) ~[spring-beans-5.2.8.RELEASE.jar:5.2.8.RELEASE]
	at org.springframework.beans.factory.support.DefaultSingletonBeanRegistry.destroySingletons(DefaultSingletonBeanRegistry.java:512) ~[spring-beans-5.2.8.RELEASE.jar:5.2.8.RELEASE]
	at org.springframework.beans.factory.support.DefaultListableBeanFactory.destroySingletons(DefaultListableBeanFactory.java:1085) ~[spring-beans-5.2.8.RELEASE.jar:5.2.8.RELEASE]
	at org.springframework.context.support.AbstractApplicationContext.destroyBeans(AbstractApplicationContext.java:1061) ~[spring-context-5.2.8.RELEASE.jar:5.2.8.RELEASE]
	at org.springframework.context.support.AbstractApplicationContext.doClose(AbstractApplicationContext.java:1030) ~[spring-context-5.2.8.RELEASE.jar:5.2.8.RELEASE]
	at org.springframework.context.support.AbstractApplicationContext.close(AbstractApplicationContext.java:979) ~[spring-context-5.2.8.RELEASE.jar:5.2.8.RELEASE]
	at org.springframework.cloud.context.named.NamedContextFactory.destroy(NamedContextFactory.java:92) ~[spring-cloud-context-2.2.3.RELEASE.jar:2.2.3.RELEASE]
	at org.springframework.beans.factory.support.DisposableBeanAdapter.destroy(DisposableBeanAdapter.java:258) ~[spring-beans-5.2.8.RELEASE.jar:5.2.8.RELEASE]
	at org.springframework.beans.factory.support.DefaultSingletonBeanRegistry.destroyBean(DefaultSingletonBeanRegistry.java:579) ~[spring-beans-5.2.8.RELEASE.jar:5.2.8.RELEASE]
	at org.springframework.beans.factory.support.DefaultSingletonBeanRegistry.destroySingleton(DefaultSingletonBeanRegistry.java:551) ~[spring-beans-5.2.8.RELEASE.jar:5.2.8.RELEASE]
	at org.springframework.beans.factory.support.DefaultListableBeanFactory.destroySingleton(DefaultListableBeanFactory.java:1092) ~[spring-beans-5.2.8.RELEASE.jar:5.2.8.RELEASE]
	at org.springframework.beans.factory.support.DefaultSingletonBeanRegistry.destroySingletons(DefaultSingletonBeanRegistry.java:512) ~[spring-beans-5.2.8.RELEASE.jar:5.2.8.RELEASE]
	at org.springframework.beans.factory.support.DefaultListableBeanFactory.destroySingletons(DefaultListableBeanFactory.java:1085) ~[spring-beans-5.2.8.RELEASE.jar:5.2.8.RELEASE]
	at org.springframework.context.support.AbstractApplicationContext.destroyBeans(AbstractApplicationContext.java:1061) ~[spring-context-5.2.8.RELEASE.jar:5.2.8.RELEASE]
	at org.springframework.context.support.AbstractApplicationContext.doClose(AbstractApplicationContext.java:1030) ~[spring-context-5.2.8.RELEASE.jar:5.2.8.RELEASE]
	at org.springframework.boot.web.servlet.context.ServletWebServerApplicationContext.doClose(ServletWebServerApplicationContext.java:170) ~[spring-boot-2.3.2.RELEASE.jar:2.3.2.RELEASE]
	at org.springframework.context.support.AbstractApplicationContext$1.run(AbstractApplicationContext.java:949) ~[spring-context-5.2.8.RELEASE.jar:5.2.8.RELEASE]

2020-08-14 17:03:15.283  INFO [library-service-app,,,] 2763 --- [SpringContextShutdownHook] com.netflix.discovery.DiscoveryClient    : Shutting down DiscoveryClient ...
2020-08-14 17:03:17.159  INFO [library-service-app,,,] 2763 --- [AsyncResolver-bootstrap-executor-0] c.n.d.s.r.aws.ConfigClusterResolver      : Resolving eureka endpoints via configuration
2020-08-14 17:03:18.298  INFO [library-service-app,,,] 2763 --- [SpringContextShutdownHook] com.netflix.discovery.DiscoveryClient    : Unregistering ...
2020-08-14 17:03:18.313  INFO [library-service-app,,,] 2763 --- [SpringContextShutdownHook] com.netflix.discovery.DiscoveryClient    : DiscoveryClient_LIBRARY-SERVICE-APP/192.168.0.5:library-service-app:8802 - deregister  status: 200
2020-08-14 17:03:18.333  INFO [library-service-app,,,] 2763 --- [SpringContextShutdownHook] com.netflix.discovery.DiscoveryClient    : Completed shut down of DiscoveryClient
2020-08-14 20:12:18.565  INFO [library-service-app,,,] 12381 --- [main] c.e.l.LibraryServiceApplication          : No active profile set, falling back to default profiles: default
2020-08-14 20:12:19.294  WARN [library-service-app,,,] 12381 --- [main] o.s.boot.actuate.endpoint.EndpointId     : Endpoint ID 'hystrix.stream' contains invalid characters, please migrate to a valid format.
2020-08-14 20:12:20.257  INFO [library-service-app,,,] 12381 --- [main] .s.d.r.c.RepositoryConfigurationDelegate : Bootstrapping Spring Data JPA repositories in DEFERRED mode.
2020-08-14 20:12:20.403  INFO [library-service-app,,,] 12381 --- [main] .s.d.r.c.RepositoryConfigurationDelegate : Finished Spring Data repository scanning in 137ms. Found 1 JPA repository interfaces.
2020-08-14 20:12:20.698  WARN [library-service-app,,,] 12381 --- [main] o.s.boot.actuate.endpoint.EndpointId     : Endpoint ID 'service-registry' contains invalid characters, please migrate to a valid format.
2020-08-14 20:12:21.105  INFO [library-service-app,,,] 12381 --- [main] o.s.cloud.context.scope.GenericScope     : BeanFactory id=4f54e589-aa6b-3756-b56b-e275aff72eb3
2020-08-14 20:12:22.058  INFO [library-service-app,,,] 12381 --- [main] o.s.b.w.embedded.tomcat.TomcatWebServer  : Tomcat initialized with port(s): 8802 (http)
2020-08-14 20:12:22.066  INFO [library-service-app,,,] 12381 --- [main] o.apache.catalina.core.StandardService   : Starting service [Tomcat]
2020-08-14 20:12:22.066  INFO [library-service-app,,,] 12381 --- [main] org.apache.catalina.core.StandardEngine  : Starting Servlet engine: [Apache Tomcat/9.0.37]
2020-08-14 20:12:22.359  INFO [library-service-app,,,] 12381 --- [main] o.a.c.c.C.[Tomcat].[localhost].[/]       : Initializing Spring embedded WebApplicationContext
2020-08-14 20:12:22.360  INFO [library-service-app,,,] 12381 --- [main] w.s.c.ServletWebServerApplicationContext : Root WebApplicationContext: initialization completed in 3757 ms
2020-08-14 20:12:22.581  WARN [library-service-app,,,] 12381 --- [main] c.n.c.sources.URLConfigurationSource     : No URLs will be polled as dynamic configuration sources.
2020-08-14 20:12:22.581  INFO [library-service-app,,,] 12381 --- [main] c.n.c.sources.URLConfigurationSource     : To enable URLs as dynamic configuration sources, define System property archaius.configurationSource.additionalUrls or make config.properties available on classpath.
2020-08-14 20:12:22.592  INFO [library-service-app,,,] 12381 --- [main] c.netflix.config.DynamicPropertyFactory  : DynamicPropertyFactory is initialized with configuration sources: com.netflix.config.ConcurrentCompositeConfiguration@771d4db
2020-08-14 20:12:24.689  INFO [library-service-app,,,] 12381 --- [main] com.zaxxer.hikari.HikariDataSource       : HikariPool-1 - Starting...
2020-08-14 20:12:24.701  WARN [library-service-app,,,] 12381 --- [main] ConfigServletWebServerApplicationContext : Exception encountered during context initialization - cancelling refresh attempt: org.springframework.beans.factory.BeanCreationException: Error creating bean with name 'liquibase' defined in class path resource [org/springframework/boot/autoconfigure/liquibase/LiquibaseAutoConfiguration$LiquibaseConfiguration.class]: Invocation of init method failed; nested exception is java.lang.RuntimeException: Driver com.mysql.cj.jdbc.Driver claims to not accept jdbcUrl, c
2020-08-14 20:12:25.706  WARN [library-service-app,,,] 12381 --- [main] z.r.AsyncReporter$BoundedAsyncReporter   : Timed out waiting for in-flight spans to send
2020-08-14 20:12:25.708  INFO [library-service-app,,,] 12381 --- [main] o.apache.catalina.core.StandardService   : Stopping service [Tomcat]
2020-08-14 20:12:25.730  INFO [library-service-app,,,] 12381 --- [main] ConditionEvaluationReportLoggingListener : 

Error starting ApplicationContext. To display the conditions report re-run your application with 'debug' enabled.
2020-08-14 20:12:25.741 ERROR [library-service-app,,,] 12381 --- [main] o.s.boot.SpringApplication               : Application run failed

org.springframework.beans.factory.BeanCreationException: Error creating bean with name 'liquibase' defined in class path resource [org/springframework/boot/autoconfigure/liquibase/LiquibaseAutoConfiguration$LiquibaseConfiguration.class]: Invocation of init method failed; nested exception is java.lang.RuntimeException: Driver com.mysql.cj.jdbc.Driver claims to not accept jdbcUrl, c
	at org.springframework.beans.factory.support.AbstractAutowireCapableBeanFactory.initializeBean(AbstractAutowireCapableBeanFactory.java:1794) ~[spring-beans-5.2.8.RELEASE.jar:5.2.8.RELEASE]
	at org.springframework.beans.factory.support.AbstractAutowireCapableBeanFactory.doCreateBean(AbstractAutowireCapableBeanFactory.java:594) ~[spring-beans-5.2.8.RELEASE.jar:5.2.8.RELEASE]
	at org.springframework.beans.factory.support.AbstractAutowireCapableBeanFactory.createBean(AbstractAutowireCapableBeanFactory.java:516) ~[spring-beans-5.2.8.RELEASE.jar:5.2.8.RELEASE]
	at org.springframework.beans.factory.support.AbstractBeanFactory.lambda$doGetBean$0(AbstractBeanFactory.java:324) ~[spring-beans-5.2.8.RELEASE.jar:5.2.8.RELEASE]
	at org.springframework.beans.factory.support.DefaultSingletonBeanRegistry.getSingleton(DefaultSingletonBeanRegistry.java:226) ~[spring-beans-5.2.8.RELEASE.jar:5.2.8.RELEASE]
	at org.springframework.beans.factory.support.AbstractBeanFactory.doGetBean(AbstractBeanFactory.java:322) ~[spring-beans-5.2.8.RELEASE.jar:5.2.8.RELEASE]
	at org.springframework.beans.factory.support.AbstractBeanFactory.getBean(AbstractBeanFactory.java:202) ~[spring-beans-5.2.8.RELEASE.jar:5.2.8.RELEASE]
	at org.springframework.beans.factory.support.AbstractBeanFactory.doGetBean(AbstractBeanFactory.java:311) ~[spring-beans-5.2.8.RELEASE.jar:5.2.8.RELEASE]
	at org.springframework.beans.factory.support.AbstractBeanFactory.getBean(AbstractBeanFactory.java:202) ~[spring-beans-5.2.8.RELEASE.jar:5.2.8.RELEASE]
	at org.springframework.context.support.AbstractApplicationContext.getBean(AbstractApplicationContext.java:1109) ~[spring-context-5.2.8.RELEASE.jar:5.2.8.RELEASE]
	at org.springframework.context.support.AbstractApplicationContext.finishBeanFactoryInitialization(AbstractApplicationContext.java:869) ~[spring-context-5.2.8.RELEASE.jar:5.2.8.RELEASE]
	at org.springframework.context.support.AbstractApplicationContext.refresh(AbstractApplicationContext.java:551) ~[spring-context-5.2.8.RELEASE.jar:5.2.8.RELEASE]
	at org.springframework.boot.web.servlet.context.ServletWebServerApplicationContext.refresh(ServletWebServerApplicationContext.java:143) ~[spring-boot-2.3.2.RELEASE.jar:2.3.2.RELEASE]
	at org.springframework.boot.SpringApplication.refresh(SpringApplication.java:758) ~[spring-boot-2.3.2.RELEASE.jar:2.3.2.RELEASE]
	at org.springframework.boot.SpringApplication.refresh(SpringApplication.java:750) ~[spring-boot-2.3.2.RELEASE.jar:2.3.2.RELEASE]
	at org.springframework.boot.SpringApplication.refreshContext(SpringApplication.java:397) ~[spring-boot-2.3.2.RELEASE.jar:2.3.2.RELEASE]
	at org.springframework.boot.SpringApplication.run(SpringApplication.java:315) ~[spring-boot-2.3.2.RELEASE.jar:2.3.2.RELEASE]
	at org.springframework.boot.SpringApplication.run(SpringApplication.java:1237) ~[spring-boot-2.3.2.RELEASE.jar:2.3.2.RELEASE]
	at org.springframework.boot.SpringApplication.run(SpringApplication.java:1226) ~[spring-boot-2.3.2.RELEASE.jar:2.3.2.RELEASE]
	at com.epam.libraryservice.LibraryServiceApplication.main(LibraryServiceApplication.java:16) ~[classes/:na]
Caused by: java.lang.RuntimeException: Driver com.mysql.cj.jdbc.Driver claims to not accept jdbcUrl, c
	at com.zaxxer.hikari.util.DriverDataSource.<init>(DriverDataSource.java:110) ~[HikariCP-3.4.5.jar:na]
	at com.zaxxer.hikari.pool.PoolBase.initializeDataSource(PoolBase.java:325) ~[HikariCP-3.4.5.jar:na]
	at com.zaxxer.hikari.pool.PoolBase.<init>(PoolBase.java:114) ~[HikariCP-3.4.5.jar:na]
	at com.zaxxer.hikari.pool.HikariPool.<init>(HikariPool.java:108) ~[HikariCP-3.4.5.jar:na]
	at com.zaxxer.hikari.HikariDataSource.getConnection(HikariDataSource.java:112) ~[HikariCP-3.4.5.jar:na]
	at liquibase.integration.spring.SpringLiquibase.afterPropertiesSet(SpringLiquibase.java:311) ~[liquibase-core-3.8.9.jar:na]
	at org.springframework.beans.factory.support.AbstractAutowireCapableBeanFactory.invokeInitMethods(AbstractAutowireCapableBeanFactory.java:1853) ~[spring-beans-5.2.8.RELEASE.jar:5.2.8.RELEASE]
	at org.springframework.beans.factory.support.AbstractAutowireCapableBeanFactory.initializeBean(AbstractAutowireCapableBeanFactory.java:1790) ~[spring-beans-5.2.8.RELEASE.jar:5.2.8.RELEASE]
	... 19 common frames omitted

2020-08-14 20:12:58.719  INFO [library-service-app,,,] 12395 --- [main] c.e.l.LibraryServiceApplication          : No active profile set, falling back to default profiles: default
2020-08-14 20:12:59.192  WARN [library-service-app,,,] 12395 --- [main] o.s.boot.actuate.endpoint.EndpointId     : Endpoint ID 'hystrix.stream' contains invalid characters, please migrate to a valid format.
2020-08-14 20:12:59.962  INFO [library-service-app,,,] 12395 --- [main] .s.d.r.c.RepositoryConfigurationDelegate : Bootstrapping Spring Data JPA repositories in DEFERRED mode.
2020-08-14 20:13:00.236  INFO [library-service-app,,,] 12395 --- [main] .s.d.r.c.RepositoryConfigurationDelegate : Finished Spring Data repository scanning in 186ms. Found 1 JPA repository interfaces.
2020-08-14 20:13:00.367  WARN [library-service-app,,,] 12395 --- [main] o.s.boot.actuate.endpoint.EndpointId     : Endpoint ID 'service-registry' contains invalid characters, please migrate to a valid format.
2020-08-14 20:13:00.791  INFO [library-service-app,,,] 12395 --- [main] o.s.cloud.context.scope.GenericScope     : BeanFactory id=4f54e589-aa6b-3756-b56b-e275aff72eb3
2020-08-14 20:13:01.531  INFO [library-service-app,,,] 12395 --- [main] o.s.b.w.embedded.tomcat.TomcatWebServer  : Tomcat initialized with port(s): 8802 (http)
2020-08-14 20:13:01.538  INFO [library-service-app,,,] 12395 --- [main] o.apache.catalina.core.StandardService   : Starting service [Tomcat]
2020-08-14 20:13:01.538  INFO [library-service-app,,,] 12395 --- [main] org.apache.catalina.core.StandardEngine  : Starting Servlet engine: [Apache Tomcat/9.0.37]
2020-08-14 20:13:01.633  INFO [library-service-app,,,] 12395 --- [main] o.a.c.c.C.[Tomcat].[localhost].[/]       : Initializing Spring embedded WebApplicationContext
2020-08-14 20:13:01.633  INFO [library-service-app,,,] 12395 --- [main] w.s.c.ServletWebServerApplicationContext : Root WebApplicationContext: initialization completed in 2896 ms
2020-08-14 20:13:01.931  WARN [library-service-app,,,] 12395 --- [main] c.n.c.sources.URLConfigurationSource     : No URLs will be polled as dynamic configuration sources.
2020-08-14 20:13:01.931  INFO [library-service-app,,,] 12395 --- [main] c.n.c.sources.URLConfigurationSource     : To enable URLs as dynamic configuration sources, define System property archaius.configurationSource.additionalUrls or make config.properties available on classpath.
2020-08-14 20:13:01.941  INFO [library-service-app,,,] 12395 --- [main] c.netflix.config.DynamicPropertyFactory  : DynamicPropertyFactory is initialized with configuration sources: com.netflix.config.ConcurrentCompositeConfiguration@34652065
2020-08-14 20:13:03.181  INFO [library-service-app,,,] 12395 --- [main] com.zaxxer.hikari.HikariDataSource       : HikariPool-1 - Starting...
2020-08-14 20:13:03.195  WARN [library-service-app,,,] 12395 --- [main] ConfigServletWebServerApplicationContext : Exception encountered during context initialization - cancelling refresh attempt: org.springframework.beans.factory.BeanCreationException: Error creating bean with name 'liquibase' defined in class path resource [org/springframework/boot/autoconfigure/liquibase/LiquibaseAutoConfiguration$LiquibaseConfiguration.class]: Invocation of init method failed; nested exception is java.lang.RuntimeException: Driver com.mysql.cj.jdbc.Driver claims to not accept jdbcUrl, c
2020-08-14 20:13:04.200  WARN [library-service-app,,,] 12395 --- [main] z.r.AsyncReporter$BoundedAsyncReporter   : Timed out waiting for in-flight spans to send
2020-08-14 20:13:04.202  INFO [library-service-app,,,] 12395 --- [main] o.apache.catalina.core.StandardService   : Stopping service [Tomcat]
2020-08-14 20:13:04.224  INFO [library-service-app,,,] 12395 --- [main] ConditionEvaluationReportLoggingListener : 

Error starting ApplicationContext. To display the conditions report re-run your application with 'debug' enabled.
2020-08-14 20:13:04.239 ERROR [library-service-app,,,] 12395 --- [main] o.s.boot.SpringApplication               : Application run failed

org.springframework.beans.factory.BeanCreationException: Error creating bean with name 'liquibase' defined in class path resource [org/springframework/boot/autoconfigure/liquibase/LiquibaseAutoConfiguration$LiquibaseConfiguration.class]: Invocation of init method failed; nested exception is java.lang.RuntimeException: Driver com.mysql.cj.jdbc.Driver claims to not accept jdbcUrl, c
	at org.springframework.beans.factory.support.AbstractAutowireCapableBeanFactory.initializeBean(AbstractAutowireCapableBeanFactory.java:1794) ~[spring-beans-5.2.8.RELEASE.jar:5.2.8.RELEASE]
	at org.springframework.beans.factory.support.AbstractAutowireCapableBeanFactory.doCreateBean(AbstractAutowireCapableBeanFactory.java:594) ~[spring-beans-5.2.8.RELEASE.jar:5.2.8.RELEASE]
	at org.springframework.beans.factory.support.AbstractAutowireCapableBeanFactory.createBean(AbstractAutowireCapableBeanFactory.java:516) ~[spring-beans-5.2.8.RELEASE.jar:5.2.8.RELEASE]
	at org.springframework.beans.factory.support.AbstractBeanFactory.lambda$doGetBean$0(AbstractBeanFactory.java:324) ~[spring-beans-5.2.8.RELEASE.jar:5.2.8.RELEASE]
	at org.springframework.beans.factory.support.DefaultSingletonBeanRegistry.getSingleton(DefaultSingletonBeanRegistry.java:226) ~[spring-beans-5.2.8.RELEASE.jar:5.2.8.RELEASE]
	at org.springframework.beans.factory.support.AbstractBeanFactory.doGetBean(AbstractBeanFactory.java:322) ~[spring-beans-5.2.8.RELEASE.jar:5.2.8.RELEASE]
	at org.springframework.beans.factory.support.AbstractBeanFactory.getBean(AbstractBeanFactory.java:202) ~[spring-beans-5.2.8.RELEASE.jar:5.2.8.RELEASE]
	at org.springframework.beans.factory.support.AbstractBeanFactory.doGetBean(AbstractBeanFactory.java:311) ~[spring-beans-5.2.8.RELEASE.jar:5.2.8.RELEASE]
	at org.springframework.beans.factory.support.AbstractBeanFactory.getBean(AbstractBeanFactory.java:202) ~[spring-beans-5.2.8.RELEASE.jar:5.2.8.RELEASE]
	at org.springframework.context.support.AbstractApplicationContext.getBean(AbstractApplicationContext.java:1109) ~[spring-context-5.2.8.RELEASE.jar:5.2.8.RELEASE]
	at org.springframework.context.support.AbstractApplicationContext.finishBeanFactoryInitialization(AbstractApplicationContext.java:869) ~[spring-context-5.2.8.RELEASE.jar:5.2.8.RELEASE]
	at org.springframework.context.support.AbstractApplicationContext.refresh(AbstractApplicationContext.java:551) ~[spring-context-5.2.8.RELEASE.jar:5.2.8.RELEASE]
	at org.springframework.boot.web.servlet.context.ServletWebServerApplicationContext.refresh(ServletWebServerApplicationContext.java:143) ~[spring-boot-2.3.2.RELEASE.jar:2.3.2.RELEASE]
	at org.springframework.boot.SpringApplication.refresh(SpringApplication.java:758) ~[spring-boot-2.3.2.RELEASE.jar:2.3.2.RELEASE]
	at org.springframework.boot.SpringApplication.refresh(SpringApplication.java:750) ~[spring-boot-2.3.2.RELEASE.jar:2.3.2.RELEASE]
	at org.springframework.boot.SpringApplication.refreshContext(SpringApplication.java:397) ~[spring-boot-2.3.2.RELEASE.jar:2.3.2.RELEASE]
	at org.springframework.boot.SpringApplication.run(SpringApplication.java:315) ~[spring-boot-2.3.2.RELEASE.jar:2.3.2.RELEASE]
	at org.springframework.boot.SpringApplication.run(SpringApplication.java:1237) ~[spring-boot-2.3.2.RELEASE.jar:2.3.2.RELEASE]
	at org.springframework.boot.SpringApplication.run(SpringApplication.java:1226) ~[spring-boot-2.3.2.RELEASE.jar:2.3.2.RELEASE]
	at com.epam.libraryservice.LibraryServiceApplication.main(LibraryServiceApplication.java:16) ~[classes/:na]
Caused by: java.lang.RuntimeException: Driver com.mysql.cj.jdbc.Driver claims to not accept jdbcUrl, c
	at com.zaxxer.hikari.util.DriverDataSource.<init>(DriverDataSource.java:110) ~[HikariCP-3.4.5.jar:na]
	at com.zaxxer.hikari.pool.PoolBase.initializeDataSource(PoolBase.java:325) ~[HikariCP-3.4.5.jar:na]
	at com.zaxxer.hikari.pool.PoolBase.<init>(PoolBase.java:114) ~[HikariCP-3.4.5.jar:na]
	at com.zaxxer.hikari.pool.HikariPool.<init>(HikariPool.java:108) ~[HikariCP-3.4.5.jar:na]
	at com.zaxxer.hikari.HikariDataSource.getConnection(HikariDataSource.java:112) ~[HikariCP-3.4.5.jar:na]
	at liquibase.integration.spring.SpringLiquibase.afterPropertiesSet(SpringLiquibase.java:311) ~[liquibase-core-3.8.9.jar:na]
	at org.springframework.beans.factory.support.AbstractAutowireCapableBeanFactory.invokeInitMethods(AbstractAutowireCapableBeanFactory.java:1853) ~[spring-beans-5.2.8.RELEASE.jar:5.2.8.RELEASE]
	at org.springframework.beans.factory.support.AbstractAutowireCapableBeanFactory.initializeBean(AbstractAutowireCapableBeanFactory.java:1790) ~[spring-beans-5.2.8.RELEASE.jar:5.2.8.RELEASE]
	... 19 common frames omitted

2020-08-14 20:34:33.302  INFO [library-service-app,,,] 12794 --- [main] c.e.l.LibraryServiceApplication          : No active profile set, falling back to default profiles: default
2020-08-14 20:34:33.748  WARN [library-service-app,,,] 12794 --- [main] o.s.boot.actuate.endpoint.EndpointId     : Endpoint ID 'hystrix.stream' contains invalid characters, please migrate to a valid format.
2020-08-14 20:34:34.460  INFO [library-service-app,,,] 12794 --- [main] .s.d.r.c.RepositoryConfigurationDelegate : Bootstrapping Spring Data JPA repositories in DEFERRED mode.
2020-08-14 20:34:34.617  INFO [library-service-app,,,] 12794 --- [main] .s.d.r.c.RepositoryConfigurationDelegate : Finished Spring Data repository scanning in 150ms. Found 1 JPA repository interfaces.
2020-08-14 20:34:34.812  WARN [library-service-app,,,] 12794 --- [main] o.s.boot.actuate.endpoint.EndpointId     : Endpoint ID 'service-registry' contains invalid characters, please migrate to a valid format.
2020-08-14 20:34:35.183  INFO [library-service-app,,,] 12794 --- [main] o.s.cloud.context.scope.GenericScope     : BeanFactory id=62afeea0-532b-3d1c-b08b-2920ee16fc47
2020-08-14 20:34:36.226  INFO [library-service-app,,,] 12794 --- [main] o.s.b.w.embedded.tomcat.TomcatWebServer  : Tomcat initialized with port(s): 8802 (http)
2020-08-14 20:34:36.233  INFO [library-service-app,,,] 12794 --- [main] o.apache.catalina.core.StandardService   : Starting service [Tomcat]
2020-08-14 20:34:36.233  INFO [library-service-app,,,] 12794 --- [main] org.apache.catalina.core.StandardEngine  : Starting Servlet engine: [Apache Tomcat/9.0.37]
2020-08-14 20:34:36.346  INFO [library-service-app,,,] 12794 --- [main] o.a.c.c.C.[Tomcat].[localhost].[/]       : Initializing Spring embedded WebApplicationContext
2020-08-14 20:34:36.347  INFO [library-service-app,,,] 12794 --- [main] w.s.c.ServletWebServerApplicationContext : Root WebApplicationContext: initialization completed in 3026 ms
2020-08-14 20:34:36.496  WARN [library-service-app,,,] 12794 --- [main] c.n.c.sources.URLConfigurationSource     : No URLs will be polled as dynamic configuration sources.
2020-08-14 20:34:36.496  INFO [library-service-app,,,] 12794 --- [main] c.n.c.sources.URLConfigurationSource     : To enable URLs as dynamic configuration sources, define System property archaius.configurationSource.additionalUrls or make config.properties available on classpath.
2020-08-14 20:34:36.505  INFO [library-service-app,,,] 12794 --- [main] c.netflix.config.DynamicPropertyFactory  : DynamicPropertyFactory is initialized with configuration sources: com.netflix.config.ConcurrentCompositeConfiguration@59278072
2020-08-14 20:34:37.840  INFO [library-service-app,,,] 12794 --- [main] com.zaxxer.hikari.HikariDataSource       : HikariPool-1 - Starting...
2020-08-14 20:34:37.856  WARN [library-service-app,,,] 12794 --- [main] ConfigServletWebServerApplicationContext : Exception encountered during context initialization - cancelling refresh attempt: org.springframework.beans.factory.BeanCreationException: Error creating bean with name 'liquibase' defined in class path resource [org/springframework/boot/autoconfigure/liquibase/LiquibaseAutoConfiguration$LiquibaseConfiguration.class]: Invocation of init method failed; nested exception is java.lang.RuntimeException: Driver com.mysql.cj.jdbc.Driver claims to not accept jdbcUrl, c
2020-08-14 20:34:38.860  WARN [library-service-app,,,] 12794 --- [main] z.r.AsyncReporter$BoundedAsyncReporter   : Timed out waiting for in-flight spans to send
2020-08-14 20:34:38.863  INFO [library-service-app,,,] 12794 --- [main] o.apache.catalina.core.StandardService   : Stopping service [Tomcat]
2020-08-14 20:34:38.898  INFO [library-service-app,,,] 12794 --- [main] ConditionEvaluationReportLoggingListener : 

Error starting ApplicationContext. To display the conditions report re-run your application with 'debug' enabled.
2020-08-14 20:34:38.931 ERROR [library-service-app,,,] 12794 --- [main] o.s.boot.SpringApplication               : Application run failed

org.springframework.beans.factory.BeanCreationException: Error creating bean with name 'liquibase' defined in class path resource [org/springframework/boot/autoconfigure/liquibase/LiquibaseAutoConfiguration$LiquibaseConfiguration.class]: Invocation of init method failed; nested exception is java.lang.RuntimeException: Driver com.mysql.cj.jdbc.Driver claims to not accept jdbcUrl, c
	at org.springframework.beans.factory.support.AbstractAutowireCapableBeanFactory.initializeBean(AbstractAutowireCapableBeanFactory.java:1794) ~[spring-beans-5.2.8.RELEASE.jar:5.2.8.RELEASE]
	at org.springframework.beans.factory.support.AbstractAutowireCapableBeanFactory.doCreateBean(AbstractAutowireCapableBeanFactory.java:594) ~[spring-beans-5.2.8.RELEASE.jar:5.2.8.RELEASE]
	at org.springframework.beans.factory.support.AbstractAutowireCapableBeanFactory.createBean(AbstractAutowireCapableBeanFactory.java:516) ~[spring-beans-5.2.8.RELEASE.jar:5.2.8.RELEASE]
	at org.springframework.beans.factory.support.AbstractBeanFactory.lambda$doGetBean$0(AbstractBeanFactory.java:324) ~[spring-beans-5.2.8.RELEASE.jar:5.2.8.RELEASE]
	at org.springframework.beans.factory.support.DefaultSingletonBeanRegistry.getSingleton(DefaultSingletonBeanRegistry.java:226) ~[spring-beans-5.2.8.RELEASE.jar:5.2.8.RELEASE]
	at org.springframework.beans.factory.support.AbstractBeanFactory.doGetBean(AbstractBeanFactory.java:322) ~[spring-beans-5.2.8.RELEASE.jar:5.2.8.RELEASE]
	at org.springframework.beans.factory.support.AbstractBeanFactory.getBean(AbstractBeanFactory.java:202) ~[spring-beans-5.2.8.RELEASE.jar:5.2.8.RELEASE]
	at org.springframework.beans.factory.support.AbstractBeanFactory.doGetBean(AbstractBeanFactory.java:311) ~[spring-beans-5.2.8.RELEASE.jar:5.2.8.RELEASE]
	at org.springframework.beans.factory.support.AbstractBeanFactory.getBean(AbstractBeanFactory.java:202) ~[spring-beans-5.2.8.RELEASE.jar:5.2.8.RELEASE]
	at org.springframework.context.support.AbstractApplicationContext.getBean(AbstractApplicationContext.java:1109) ~[spring-context-5.2.8.RELEASE.jar:5.2.8.RELEASE]
	at org.springframework.context.support.AbstractApplicationContext.finishBeanFactoryInitialization(AbstractApplicationContext.java:869) ~[spring-context-5.2.8.RELEASE.jar:5.2.8.RELEASE]
	at org.springframework.context.support.AbstractApplicationContext.refresh(AbstractApplicationContext.java:551) ~[spring-context-5.2.8.RELEASE.jar:5.2.8.RELEASE]
	at org.springframework.boot.web.servlet.context.ServletWebServerApplicationContext.refresh(ServletWebServerApplicationContext.java:143) ~[spring-boot-2.3.2.RELEASE.jar:2.3.2.RELEASE]
	at org.springframework.boot.SpringApplication.refresh(SpringApplication.java:758) ~[spring-boot-2.3.2.RELEASE.jar:2.3.2.RELEASE]
	at org.springframework.boot.SpringApplication.refresh(SpringApplication.java:750) ~[spring-boot-2.3.2.RELEASE.jar:2.3.2.RELEASE]
	at org.springframework.boot.SpringApplication.refreshContext(SpringApplication.java:397) ~[spring-boot-2.3.2.RELEASE.jar:2.3.2.RELEASE]
	at org.springframework.boot.SpringApplication.run(SpringApplication.java:315) ~[spring-boot-2.3.2.RELEASE.jar:2.3.2.RELEASE]
	at org.springframework.boot.SpringApplication.run(SpringApplication.java:1237) ~[spring-boot-2.3.2.RELEASE.jar:2.3.2.RELEASE]
	at org.springframework.boot.SpringApplication.run(SpringApplication.java:1226) ~[spring-boot-2.3.2.RELEASE.jar:2.3.2.RELEASE]
	at com.epam.libraryservice.LibraryServiceApplication.main(LibraryServiceApplication.java:16) ~[classes/:na]
Caused by: java.lang.RuntimeException: Driver com.mysql.cj.jdbc.Driver claims to not accept jdbcUrl, c
	at com.zaxxer.hikari.util.DriverDataSource.<init>(DriverDataSource.java:110) ~[HikariCP-3.4.5.jar:na]
	at com.zaxxer.hikari.pool.PoolBase.initializeDataSource(PoolBase.java:325) ~[HikariCP-3.4.5.jar:na]
	at com.zaxxer.hikari.pool.PoolBase.<init>(PoolBase.java:114) ~[HikariCP-3.4.5.jar:na]
	at com.zaxxer.hikari.pool.HikariPool.<init>(HikariPool.java:108) ~[HikariCP-3.4.5.jar:na]
	at com.zaxxer.hikari.HikariDataSource.getConnection(HikariDataSource.java:112) ~[HikariCP-3.4.5.jar:na]
	at liquibase.integration.spring.SpringLiquibase.afterPropertiesSet(SpringLiquibase.java:311) ~[liquibase-core-3.8.9.jar:na]
	at org.springframework.beans.factory.support.AbstractAutowireCapableBeanFactory.invokeInitMethods(AbstractAutowireCapableBeanFactory.java:1853) ~[spring-beans-5.2.8.RELEASE.jar:5.2.8.RELEASE]
	at org.springframework.beans.factory.support.AbstractAutowireCapableBeanFactory.initializeBean(AbstractAutowireCapableBeanFactory.java:1790) ~[spring-beans-5.2.8.RELEASE.jar:5.2.8.RELEASE]
	... 19 common frames omitted

2020-08-14 20:37:27.780  INFO [library-service-app,,,] 12948 --- [main] c.e.l.LibraryServiceApplication          : No active profile set, falling back to default profiles: default
2020-08-14 20:37:28.170  WARN [library-service-app,,,] 12948 --- [main] o.s.boot.actuate.endpoint.EndpointId     : Endpoint ID 'hystrix.stream' contains invalid characters, please migrate to a valid format.
2020-08-14 20:37:29.029  INFO [library-service-app,,,] 12948 --- [main] .s.d.r.c.RepositoryConfigurationDelegate : Bootstrapping Spring Data JPA repositories in DEFERRED mode.
2020-08-14 20:37:29.106  INFO [library-service-app,,,] 12948 --- [main] .s.d.r.c.RepositoryConfigurationDelegate : Finished Spring Data repository scanning in 68ms. Found 1 JPA repository interfaces.
2020-08-14 20:37:29.386  WARN [library-service-app,,,] 12948 --- [main] o.s.boot.actuate.endpoint.EndpointId     : Endpoint ID 'service-registry' contains invalid characters, please migrate to a valid format.
2020-08-14 20:37:29.723  INFO [library-service-app,,,] 12948 --- [main] o.s.cloud.context.scope.GenericScope     : BeanFactory id=62afeea0-532b-3d1c-b08b-2920ee16fc47
2020-08-14 20:37:30.370  INFO [library-service-app,,,] 12948 --- [main] o.s.b.w.embedded.tomcat.TomcatWebServer  : Tomcat initialized with port(s): 8802 (http)
2020-08-14 20:37:30.379  INFO [library-service-app,,,] 12948 --- [main] o.apache.catalina.core.StandardService   : Starting service [Tomcat]
2020-08-14 20:37:30.380  INFO [library-service-app,,,] 12948 --- [main] org.apache.catalina.core.StandardEngine  : Starting Servlet engine: [Apache Tomcat/9.0.37]
2020-08-14 20:37:30.528  INFO [library-service-app,,,] 12948 --- [main] o.a.c.c.C.[Tomcat].[localhost].[/]       : Initializing Spring embedded WebApplicationContext
2020-08-14 20:37:30.528  INFO [library-service-app,,,] 12948 --- [main] w.s.c.ServletWebServerApplicationContext : Root WebApplicationContext: initialization completed in 2729 ms
2020-08-14 20:37:30.666  WARN [library-service-app,,,] 12948 --- [main] c.n.c.sources.URLConfigurationSource     : No URLs will be polled as dynamic configuration sources.
2020-08-14 20:37:30.666  INFO [library-service-app,,,] 12948 --- [main] c.n.c.sources.URLConfigurationSource     : To enable URLs as dynamic configuration sources, define System property archaius.configurationSource.additionalUrls or make config.properties available on classpath.
2020-08-14 20:37:30.674  INFO [library-service-app,,,] 12948 --- [main] c.netflix.config.DynamicPropertyFactory  : DynamicPropertyFactory is initialized with configuration sources: com.netflix.config.ConcurrentCompositeConfiguration@59278072
2020-08-14 20:37:32.007  INFO [library-service-app,,,] 12948 --- [main] com.zaxxer.hikari.HikariDataSource       : HikariPool-1 - Starting...
2020-08-14 20:37:32.359  INFO [library-service-app,,,] 12948 --- [main] com.zaxxer.hikari.HikariDataSource       : HikariPool-1 - Start completed.
2020-08-14 20:37:33.112  INFO [library-service-app,,,] 12948 --- [main] liquibase.executor.jvm.JdbcExecutor      : SELECT COUNT(*) FROM LibraryService.DATABASECHANGELOGLOCK
2020-08-14 20:37:33.121  INFO [library-service-app,,,] 12948 --- [main] liquibase.executor.jvm.JdbcExecutor      : SELECT COUNT(*) FROM LibraryService.DATABASECHANGELOGLOCK
2020-08-14 20:37:33.125  INFO [library-service-app,,,] 12948 --- [main] liquibase.executor.jvm.JdbcExecutor      : SELECT `LOCKED` FROM LibraryService.DATABASECHANGELOGLOCK WHERE ID=1
2020-08-14 20:37:33.151  INFO [library-service-app,,,] 12948 --- [main] l.lockservice.StandardLockService        : Successfully acquired change log lock
2020-08-14 20:37:34.906  INFO [library-service-app,,,] 12948 --- [main] liquibase.executor.jvm.JdbcExecutor      : SELECT MD5SUM FROM LibraryService.DATABASECHANGELOG WHERE MD5SUM IS NOT NULL LIMIT 1
2020-08-14 20:37:34.911  INFO [library-service-app,,,] 12948 --- [main] liquibase.executor.jvm.JdbcExecutor      : SELECT COUNT(*) FROM LibraryService.DATABASECHANGELOG
2020-08-14 20:37:34.914  INFO [library-service-app,,,] 12948 --- [main] l.c.StandardChangeLogHistoryService      : Reading from LibraryService.DATABASECHANGELOG
2020-08-14 20:37:34.914  INFO [library-service-app,,,] 12948 --- [main] liquibase.executor.jvm.JdbcExecutor      : SELECT * FROM LibraryService.DATABASECHANGELOG ORDER BY DATEEXECUTED ASC, ORDEREXECUTED ASC
2020-08-14 20:37:34.932  INFO [library-service-app,,,] 12948 --- [main] l.lockservice.StandardLockService        : Successfully released change log lock
2020-08-14 20:37:34.996  INFO [library-service-app,,,] 12948 --- [main] o.s.s.concurrent.ThreadPoolTaskExecutor  : Initializing ExecutorService 'applicationTaskExecutor'
2020-08-14 20:37:35.060  INFO [library-service-app,,,] 12948 --- [task-1] o.hibernate.jpa.internal.util.LogHelper  : HHH000204: Processing PersistenceUnitInfo [name: default]
2020-08-14 20:37:35.125  INFO [library-service-app,,,] 12948 --- [task-1] org.hibernate.Version                    : HHH000412: Hibernate ORM core version 5.4.18.Final
2020-08-14 20:37:35.222  WARN [library-service-app,,,] 12948 --- [main] JpaBaseConfiguration$JpaWebConfiguration : spring.jpa.open-in-view is enabled by default. Therefore, database queries may be performed during view rendering. Explicitly configure spring.jpa.open-in-view to disable this warning
2020-08-14 20:37:35.304  INFO [library-service-app,,,] 12948 --- [task-1] o.hibernate.annotations.common.Version   : HCANN000001: Hibernate Commons Annotations {5.1.0.Final}
2020-08-14 20:37:35.379  INFO [library-service-app,,,] 12948 --- [main] DeferredRepositoryInitializationListener : Triggering deferred initialization of Spring Data repositories
2020-08-14 20:37:35.409  INFO [library-service-app,,,] 12948 --- [task-1] org.hibernate.dialect.Dialect            : HHH000400: Using dialect: org.hibernate.dialect.MySQL8Dialect
2020-08-14 20:37:35.918  INFO [library-service-app,,,] 12948 --- [task-1] o.h.e.t.j.p.i.JtaPlatformInitiator       : HHH000490: Using JtaPlatform implementation: [org.hibernate.engine.transaction.jta.platform.internal.NoJtaPlatform]
2020-08-14 20:37:35.924  INFO [library-service-app,,,] 12948 --- [task-1] j.LocalContainerEntityManagerFactoryBean : Initialized JPA EntityManagerFactory for persistence unit 'default'
2020-08-14 20:37:36.180  INFO [library-service-app,,,] 12948 --- [main] DeferredRepositoryInitializationListener : Spring Data repositories initialized!
2020-08-14 20:37:36.307  INFO [library-service-app,,,] 12948 --- [main] DeferredRepositoryInitializationListener : Triggering deferred initialization of Spring Data repositories
2020-08-14 20:37:36.307  INFO [library-service-app,,,] 12948 --- [main] DeferredRepositoryInitializationListener : Spring Data repositories initialized!
2020-08-14 20:37:36.425  WARN [library-service-app,,,] 12948 --- [main] c.n.c.sources.URLConfigurationSource     : No URLs will be polled as dynamic configuration sources.
2020-08-14 20:37:36.425  INFO [library-service-app,,,] 12948 --- [main] c.n.c.sources.URLConfigurationSource     : To enable URLs as dynamic configuration sources, define System property archaius.configurationSource.additionalUrls or make config.properties available on classpath.
2020-08-14 20:37:37.279  INFO [library-service-app,,,] 12948 --- [main] .s.s.UserDetailsServiceAutoConfiguration : 

Using generated security password: b4a94a54-dbfa-442b-b33d-4bf4120cf2fe

2020-08-14 20:37:37.514  INFO [library-service-app,,,] 12948 --- [main] o.s.s.web.DefaultSecurityFilterChain     : Creating filter chain: any request, [org.springframework.security.web.context.request.async.WebAsyncManagerIntegrationFilter@39dc0721, org.springframework.security.web.context.SecurityContextPersistenceFilter@79c4580b, org.springframework.security.web.header.HeaderWriterFilter@4bb1d848, org.springframework.security.web.authentication.logout.LogoutFilter@598c23ad, org.springframework.security.oauth2.provider.authentication.OAuth2AuthenticationProcessingFilter@7d350acc, org.springframework.security.web.savedrequest.RequestCacheAwareFilter@7f7da6ab, org.springframework.security.web.servletapi.SecurityContextHolderAwareRequestFilter@6c3dae0f, org.springframework.security.web.authentication.AnonymousAuthenticationFilter@40285739, org.springframework.security.web.session.SessionManagementFilter@7d274ee2, org.springframework.security.web.access.ExceptionTranslationFilter@1c08cd61, org.springframework.security.web.access.intercept.FilterSecurityInterceptor@222136e9]
2020-08-14 20:37:37.666  WARN [library-service-app,,,] 12948 --- [main] ockingLoadBalancerClientRibbonWarnLogger : You already have RibbonLoadBalancerClient on your classpath. It will be used by default. As Spring Cloud Ribbon is in maintenance mode. We recommend switching to BlockingLoadBalancerClient instead. In order to use it, set the value of `spring.cloud.loadbalancer.ribbon.enabled` to `false` or remove spring-cloud-starter-netflix-ribbon from your project.
2020-08-14 20:37:37.819  WARN [library-service-app,,,] 12948 --- [main] s.o.SpringCloudSecurityAutoConfiguration : All Spring Cloud Security modules and starters are deprecated. They will be moved to individual projects in the next major release.
2020-08-14 20:37:37.916  INFO [library-service-app,,,] 12948 --- [main] o.s.b.a.e.web.EndpointLinksResolver      : Exposing 0 endpoint(s) beneath base path '/actuator'
2020-08-14 20:37:38.017  INFO [library-service-app,,,] 12948 --- [main] o.s.c.n.eureka.InstanceInfoFactory       : Setting initial instance status as: STARTING
2020-08-14 20:37:38.074  INFO [library-service-app,,,] 12948 --- [main] com.netflix.discovery.DiscoveryClient    : Initializing Eureka in region us-east-1
2020-08-14 20:37:38.150  INFO [library-service-app,,,] 12948 --- [main] c.n.d.provider.DiscoveryJerseyProvider   : Using JSON encoding codec LegacyJacksonJson
2020-08-14 20:37:38.150  INFO [library-service-app,,,] 12948 --- [main] c.n.d.provider.DiscoveryJerseyProvider   : Using JSON decoding codec LegacyJacksonJson
2020-08-14 20:37:38.268  INFO [library-service-app,,,] 12948 --- [main] c.n.d.provider.DiscoveryJerseyProvider   : Using XML encoding codec XStreamXml
2020-08-14 20:37:38.268  INFO [library-service-app,,,] 12948 --- [main] c.n.d.provider.DiscoveryJerseyProvider   : Using XML decoding codec XStreamXml
2020-08-14 20:37:38.524  INFO [library-service-app,,,] 12948 --- [main] c.n.d.s.r.aws.ConfigClusterResolver      : Resolving eureka endpoints via configuration
2020-08-14 20:37:38.546  INFO [library-service-app,,,] 12948 --- [main] com.netflix.discovery.DiscoveryClient    : Disable delta property : false
2020-08-14 20:37:38.546  INFO [library-service-app,,,] 12948 --- [main] com.netflix.discovery.DiscoveryClient    : Single vip registry refresh property : null
2020-08-14 20:37:38.546  INFO [library-service-app,,,] 12948 --- [main] com.netflix.discovery.DiscoveryClient    : Force full registry fetch : false
2020-08-14 20:37:38.546  INFO [library-service-app,,,] 12948 --- [main] com.netflix.discovery.DiscoveryClient    : Application is null : false
2020-08-14 20:37:38.546  INFO [library-service-app,,,] 12948 --- [main] com.netflix.discovery.DiscoveryClient    : Registered Applications size is zero : true
2020-08-14 20:37:38.546  INFO [library-service-app,,,] 12948 --- [main] com.netflix.discovery.DiscoveryClient    : Application version is -1: true
2020-08-14 20:37:38.546  INFO [library-service-app,,,] 12948 --- [main] com.netflix.discovery.DiscoveryClient    : Getting all instance registry info from the eureka server
2020-08-14 20:37:38.652  INFO [library-service-app,,,] 12948 --- [main] com.netflix.discovery.DiscoveryClient    : The response status is 200
2020-08-14 20:37:38.654  INFO [library-service-app,,,] 12948 --- [main] com.netflix.discovery.DiscoveryClient    : Starting heartbeat executor: renew interval is: 30
2020-08-14 20:37:38.656  INFO [library-service-app,,,] 12948 --- [main] c.n.discovery.InstanceInfoReplicator     : InstanceInfoReplicator onDemand update allowed rate per min is 4
2020-08-14 20:37:38.659  INFO [library-service-app,,,] 12948 --- [main] com.netflix.discovery.DiscoveryClient    : Discovery Client initialized at timestamp 1597417658659 with initial instances count: 4
2020-08-14 20:37:38.668  INFO [library-service-app,,,] 12948 --- [main] o.s.c.n.e.s.EurekaServiceRegistry        : Registering application LIBRARY-SERVICE-APP with eureka with status UP
2020-08-14 20:37:38.669  INFO [library-service-app,,,] 12948 --- [main] com.netflix.discovery.DiscoveryClient    : Saw local status change event StatusChangeEvent [timestamp=1597417658669, current=UP, previous=STARTING]
2020-08-14 20:37:38.670  INFO [library-service-app,,,] 12948 --- [DiscoveryClient-InstanceInfoReplicator-0] com.netflix.discovery.DiscoveryClient    : DiscoveryClient_LIBRARY-SERVICE-APP/192.168.0.4:library-service-app:8802: registering service...
2020-08-14 20:37:38.697  INFO [library-service-app,,,] 12948 --- [main] o.s.b.w.embedded.tomcat.TomcatWebServer  : Tomcat started on port(s): 8802 (http) with context path ''
2020-08-14 20:37:38.697  INFO [library-service-app,,,] 12948 --- [main] .s.c.n.e.s.EurekaAutoServiceRegistration : Updating port to 8802
2020-08-14 20:37:38.699  INFO [library-service-app,,,] 12948 --- [DiscoveryClient-InstanceInfoReplicator-0] com.netflix.discovery.DiscoveryClient    : DiscoveryClient_LIBRARY-SERVICE-APP/192.168.0.4:library-service-app:8802 - registration status: 204
2020-08-14 20:37:38.704  INFO [library-service-app,,,] 12948 --- [main] DeferredRepositoryInitializationListener : Triggering deferred initialization of Spring Data repositories
2020-08-14 20:37:38.704  INFO [library-service-app,,,] 12948 --- [main] DeferredRepositoryInitializationListener : Spring Data repositories initialized!
2020-08-14 20:37:38.733  INFO [library-service-app,,,] 12948 --- [main] c.e.l.LibraryServiceApplication          : Started LibraryServiceApplication in 15.463 seconds (JVM running for 21.159)
2020-08-14 20:37:51.348  INFO [library-service-app,,,] 12948 --- [http-nio-8802-exec-2] o.a.c.c.C.[Tomcat].[localhost].[/]       : Initializing Spring DispatcherServlet 'dispatcherServlet'
2020-08-14 20:37:51.352  INFO [library-service-app,,,] 12948 --- [http-nio-8802-exec-2] o.s.web.servlet.DispatcherServlet        : Initializing Servlet 'dispatcherServlet'
2020-08-14 20:37:51.365  INFO [library-service-app,,,] 12948 --- [http-nio-8802-exec-2] o.s.web.servlet.DispatcherServlet        : Completed initialization in 13 ms
2020-08-14 20:39:01.216  INFO [library-service-app,541e368a54e4b558,541e368a54e4b558,true] 12948 --- [http-nio-8802-exec-6] c.e.l.api.LibraryBooksController         : Invoked /books
2020-08-14 20:39:01.382  INFO [library-service-app,541e368a54e4b558,541e368a54e4b558,true] 12948 --- [http-nio-8802-exec-6] c.netflix.config.ChainedDynamicProperty  : Flipping property: book-service-app.ribbon.ActiveConnectionsLimit to use NEXT property: niws.loadbalancer.availabilityFilteringRule.activeConnectionsLimit = 2147483647
2020-08-14 20:39:01.415  INFO [library-service-app,541e368a54e4b558,541e368a54e4b558,true] 12948 --- [http-nio-8802-exec-6] c.n.u.concurrent.ShutdownEnabledTimer    : Shutdown hook installed for: NFLoadBalancer-PingTimer-book-service-app
2020-08-14 20:39:01.416  INFO [library-service-app,541e368a54e4b558,541e368a54e4b558,true] 12948 --- [http-nio-8802-exec-6] c.netflix.loadbalancer.BaseLoadBalancer  : Client: book-service-app instantiated a LoadBalancer: DynamicServerListLoadBalancer:{NFLoadBalancer:name=book-service-app,current list of Servers=[],Load balancer stats=Zone stats: {},Server stats: []}ServerList:null
2020-08-14 20:39:01.424  INFO [library-service-app,541e368a54e4b558,541e368a54e4b558,true] 12948 --- [http-nio-8802-exec-6] c.n.l.DynamicServerListLoadBalancer      : Using serverListUpdater PollingServerListUpdater
2020-08-14 20:39:01.455  INFO [library-service-app,541e368a54e4b558,541e368a54e4b558,true] 12948 --- [http-nio-8802-exec-6] c.netflix.config.ChainedDynamicProperty  : Flipping property: book-service-app.ribbon.ActiveConnectionsLimit to use NEXT property: niws.loadbalancer.availabilityFilteringRule.activeConnectionsLimit = 2147483647
2020-08-14 20:39:01.456  INFO [library-service-app,541e368a54e4b558,541e368a54e4b558,true] 12948 --- [http-nio-8802-exec-6] c.n.l.DynamicServerListLoadBalancer      : DynamicServerListLoadBalancer for client book-service-app initialized: DynamicServerListLoadBalancer:{NFLoadBalancer:name=book-service-app,current list of Servers=[192.168.0.4:8080],Load balancer stats=Zone stats: {defaultzone=[Zone:defaultzone;	Instance count:1;	Active connections count: 0;	Circuit breaker tripped count: 0;	Active connections per server: 0.0;]
},Server stats: [[Server:192.168.0.4:8080;	Zone:defaultZone;	Total Requests:0;	Successive connection failure:0;	Total blackout seconds:0;	Last connection made:Thu Jan 01 05:30:00 IST 1970;	First connection made: Thu Jan 01 05:30:00 IST 1970;	Active Connections:0;	total failure count in last (1000) msecs:0;	average resp time:0.0;	90 percentile resp time:0.0;	95 percentile resp time:0.0;	min resp time:0.0;	max resp time:0.0;	stddev resp time:0.0]
]}ServerList:org.springframework.cloud.netflix.ribbon.eureka.DomainExtractingServerList@58f5ac66
2020-08-14 20:39:01.474  INFO [library-service-app,541e368a54e4b558,541e368a54e4b558,true] 12948 --- [http-nio-8802-exec-6] DeferredRepositoryInitializationListener : Triggering deferred initialization of Spring Data repositories
2020-08-14 20:39:01.474  INFO [library-service-app,541e368a54e4b558,541e368a54e4b558,true] 12948 --- [http-nio-8802-exec-6] DeferredRepositoryInitializationListener : Spring Data repositories initialized!
2020-08-14 20:39:01.672 ERROR [library-service-app,,,] 12948 --- [http-nio-8802-exec-6] o.a.c.c.C.[.[.[/].[dispatcherServlet]    : Servlet.service() for servlet [dispatcherServlet] in context with path [] threw exception [Request processing failed; nested exception is feign.FeignException$Unauthorized: [401] during [GET] to [http://book-service-app/api/v1/books] [BookServiceProxy#getBooks()]: [<UnauthorizedException><error>unauthorized</error><error_description>Full authentication is required to access this resource</error_description></UnauthorizedException>]] with root cause

feign.FeignException$Unauthorized: [401] during [GET] to [http://book-service-app/api/v1/books] [BookServiceProxy#getBooks()]: [<UnauthorizedException><error>unauthorized</error><error_description>Full authentication is required to access this resource</error_description></UnauthorizedException>]
	at feign.FeignException.clientErrorStatus(FeignException.java:197) ~[feign-core-10.10.1.jar:na]
	at feign.FeignException.errorStatus(FeignException.java:177) ~[feign-core-10.10.1.jar:na]
	at feign.FeignException.errorStatus(FeignException.java:169) ~[feign-core-10.10.1.jar:na]
	at feign.codec.ErrorDecoder$Default.decode(ErrorDecoder.java:92) ~[feign-core-10.10.1.jar:na]
	at feign.AsyncResponseHandler.handleResponse(AsyncResponseHandler.java:96) ~[feign-core-10.10.1.jar:na]
	at feign.SynchronousMethodHandler.executeAndDecode(SynchronousMethodHandler.java:138) ~[feign-core-10.10.1.jar:na]
	at feign.SynchronousMethodHandler.invoke(SynchronousMethodHandler.java:89) ~[feign-core-10.10.1.jar:na]
	at feign.ReflectiveFeign$FeignInvocationHandler.invoke(ReflectiveFeign.java:100) ~[feign-core-10.10.1.jar:na]
	at com.sun.proxy.$Proxy179.getBooks(Unknown Source) ~[na:na]
	at com.epam.libraryservice.api.LibraryBooksController.getAllBooks(LibraryBooksController.java:28) ~[classes/:na]
	at java.base/jdk.internal.reflect.NativeMethodAccessorImpl.invoke0(Native Method) ~[na:na]
	at java.base/jdk.internal.reflect.NativeMethodAccessorImpl.invoke(NativeMethodAccessorImpl.java:62) ~[na:na]
	at java.base/jdk.internal.reflect.DelegatingMethodAccessorImpl.invoke(DelegatingMethodAccessorImpl.java:43) ~[na:na]
	at java.base/java.lang.reflect.Method.invoke(Method.java:564) ~[na:na]
	at org.springframework.web.method.support.InvocableHandlerMethod.doInvoke(InvocableHandlerMethod.java:190) ~[spring-web-5.2.8.RELEASE.jar:5.2.8.RELEASE]
	at org.springframework.web.method.support.InvocableHandlerMethod.invokeForRequest(InvocableHandlerMethod.java:138) ~[spring-web-5.2.8.RELEASE.jar:5.2.8.RELEASE]
	at org.springframework.web.servlet.mvc.method.annotation.ServletInvocableHandlerMethod.invokeAndHandle(ServletInvocableHandlerMethod.java:105) ~[spring-webmvc-5.2.8.RELEASE.jar:5.2.8.RELEASE]
	at org.springframework.web.servlet.mvc.method.annotation.RequestMappingHandlerAdapter.invokeHandlerMethod(RequestMappingHandlerAdapter.java:878) ~[spring-webmvc-5.2.8.RELEASE.jar:5.2.8.RELEASE]
	at org.springframework.web.servlet.mvc.method.annotation.RequestMappingHandlerAdapter.handleInternal(RequestMappingHandlerAdapter.java:792) ~[spring-webmvc-5.2.8.RELEASE.jar:5.2.8.RELEASE]
	at org.springframework.web.servlet.mvc.method.AbstractHandlerMethodAdapter.handle(AbstractHandlerMethodAdapter.java:87) ~[spring-webmvc-5.2.8.RELEASE.jar:5.2.8.RELEASE]
	at org.springframework.web.servlet.DispatcherServlet.doDispatch(DispatcherServlet.java:1040) ~[spring-webmvc-5.2.8.RELEASE.jar:5.2.8.RELEASE]
	at org.springframework.web.servlet.DispatcherServlet.doService(DispatcherServlet.java:943) ~[spring-webmvc-5.2.8.RELEASE.jar:5.2.8.RELEASE]
	at org.springframework.web.servlet.FrameworkServlet.processRequest(FrameworkServlet.java:1006) ~[spring-webmvc-5.2.8.RELEASE.jar:5.2.8.RELEASE]
	at org.springframework.web.servlet.FrameworkServlet.doGet(FrameworkServlet.java:898) ~[spring-webmvc-5.2.8.RELEASE.jar:5.2.8.RELEASE]
	at javax.servlet.http.HttpServlet.service(HttpServlet.java:626) ~[tomcat-embed-core-9.0.37.jar:4.0.FR]
	at org.springframework.web.servlet.FrameworkServlet.service(FrameworkServlet.java:883) ~[spring-webmvc-5.2.8.RELEASE.jar:5.2.8.RELEASE]
	at javax.servlet.http.HttpServlet.service(HttpServlet.java:733) ~[tomcat-embed-core-9.0.37.jar:4.0.FR]
	at org.apache.catalina.core.ApplicationFilterChain.internalDoFilter(ApplicationFilterChain.java:231) ~[tomcat-embed-core-9.0.37.jar:9.0.37]
	at org.apache.catalina.core.ApplicationFilterChain.doFilter(ApplicationFilterChain.java:166) ~[tomcat-embed-core-9.0.37.jar:9.0.37]
	at org.apache.tomcat.websocket.server.WsFilter.doFilter(WsFilter.java:53) ~[tomcat-embed-websocket-9.0.37.jar:9.0.37]
	at org.apache.catalina.core.ApplicationFilterChain.internalDoFilter(ApplicationFilterChain.java:193) ~[tomcat-embed-core-9.0.37.jar:9.0.37]
	at org.apache.catalina.core.ApplicationFilterChain.doFilter(ApplicationFilterChain.java:166) ~[tomcat-embed-core-9.0.37.jar:9.0.37]
	at brave.servlet.TracingFilter.doFilter(TracingFilter.java:68) ~[brave-instrumentation-servlet-5.12.3.jar:na]
	at org.apache.catalina.core.ApplicationFilterChain.internalDoFilter(ApplicationFilterChain.java:193) ~[tomcat-embed-core-9.0.37.jar:9.0.37]
	at org.apache.catalina.core.ApplicationFilterChain.doFilter(ApplicationFilterChain.java:166) ~[tomcat-embed-core-9.0.37.jar:9.0.37]
	at org.springframework.security.web.FilterChainProxy$VirtualFilterChain.doFilter(FilterChainProxy.java:320) ~[spring-security-web-5.3.3.RELEASE.jar:5.3.3.RELEASE]
	at org.springframework.security.web.access.intercept.FilterSecurityInterceptor.invoke(FilterSecurityInterceptor.java:126) ~[spring-security-web-5.3.3.RELEASE.jar:5.3.3.RELEASE]
	at org.springframework.security.web.access.intercept.FilterSecurityInterceptor.doFilter(FilterSecurityInterceptor.java:90) ~[spring-security-web-5.3.3.RELEASE.jar:5.3.3.RELEASE]
	at org.springframework.security.web.FilterChainProxy$VirtualFilterChain.doFilter(FilterChainProxy.java:334) ~[spring-security-web-5.3.3.RELEASE.jar:5.3.3.RELEASE]
	at org.springframework.security.web.access.ExceptionTranslationFilter.doFilter(ExceptionTranslationFilter.java:118) ~[spring-security-web-5.3.3.RELEASE.jar:5.3.3.RELEASE]
	at org.springframework.security.web.FilterChainProxy$VirtualFilterChain.doFilter(FilterChainProxy.java:334) ~[spring-security-web-5.3.3.RELEASE.jar:5.3.3.RELEASE]
	at org.springframework.security.web.session.SessionManagementFilter.doFilter(SessionManagementFilter.java:137) ~[spring-security-web-5.3.3.RELEASE.jar:5.3.3.RELEASE]
	at org.springframework.security.web.FilterChainProxy$VirtualFilterChain.doFilter(FilterChainProxy.java:334) ~[spring-security-web-5.3.3.RELEASE.jar:5.3.3.RELEASE]
	at org.springframework.security.web.authentication.AnonymousAuthenticationFilter.doFilter(AnonymousAuthenticationFilter.java:111) ~[spring-security-web-5.3.3.RELEASE.jar:5.3.3.RELEASE]
	at org.springframework.security.web.FilterChainProxy$VirtualFilterChain.doFilter(FilterChainProxy.java:334) ~[spring-security-web-5.3.3.RELEASE.jar:5.3.3.RELEASE]
	at org.springframework.security.web.servletapi.SecurityContextHolderAwareRequestFilter.doFilter(SecurityContextHolderAwareRequestFilter.java:158) ~[spring-security-web-5.3.3.RELEASE.jar:5.3.3.RELEASE]
	at org.springframework.security.web.FilterChainProxy$VirtualFilterChain.doFilter(FilterChainProxy.java:334) ~[spring-security-web-5.3.3.RELEASE.jar:5.3.3.RELEASE]
	at org.springframework.security.web.savedrequest.RequestCacheAwareFilter.doFilter(RequestCacheAwareFilter.java:63) ~[spring-security-web-5.3.3.RELEASE.jar:5.3.3.RELEASE]
	at org.springframework.security.web.FilterChainProxy$VirtualFilterChain.doFilter(FilterChainProxy.java:334) ~[spring-security-web-5.3.3.RELEASE.jar:5.3.3.RELEASE]
	at org.springframework.security.oauth2.provider.authentication.OAuth2AuthenticationProcessingFilter.doFilter(OAuth2AuthenticationProcessingFilter.java:176) ~[spring-security-oauth2-2.3.4.RELEASE.jar:na]
	at org.springframework.security.web.FilterChainProxy$VirtualFilterChain.doFilter(FilterChainProxy.java:334) ~[spring-security-web-5.3.3.RELEASE.jar:5.3.3.RELEASE]
	at org.springframework.security.web.authentication.logout.LogoutFilter.doFilter(LogoutFilter.java:116) ~[spring-security-web-5.3.3.RELEASE.jar:5.3.3.RELEASE]
	at org.springframework.security.web.FilterChainProxy$VirtualFilterChain.doFilter(FilterChainProxy.java:334) ~[spring-security-web-5.3.3.RELEASE.jar:5.3.3.RELEASE]
	at org.springframework.security.web.header.HeaderWriterFilter.doHeadersAfter(HeaderWriterFilter.java:92) ~[spring-security-web-5.3.3.RELEASE.jar:5.3.3.RELEASE]
	at org.springframework.security.web.header.HeaderWriterFilter.doFilterInternal(HeaderWriterFilter.java:77) ~[spring-security-web-5.3.3.RELEASE.jar:5.3.3.RELEASE]
	at org.springframework.web.filter.OncePerRequestFilter.doFilter(OncePerRequestFilter.java:119) ~[spring-web-5.2.8.RELEASE.jar:5.2.8.RELEASE]
	at org.springframework.security.web.FilterChainProxy$VirtualFilterChain.doFilter(FilterChainProxy.java:334) ~[spring-security-web-5.3.3.RELEASE.jar:5.3.3.RELEASE]
	at org.springframework.security.web.context.SecurityContextPersistenceFilter.doFilter(SecurityContextPersistenceFilter.java:105) ~[spring-security-web-5.3.3.RELEASE.jar:5.3.3.RELEASE]
	at org.springframework.security.web.FilterChainProxy$VirtualFilterChain.doFilter(FilterChainProxy.java:334) ~[spring-security-web-5.3.3.RELEASE.jar:5.3.3.RELEASE]
	at org.springframework.security.web.context.request.async.WebAsyncManagerIntegrationFilter.doFilterInternal(WebAsyncManagerIntegrationFilter.java:56) ~[spring-security-web-5.3.3.RELEASE.jar:5.3.3.RELEASE]
	at org.springframework.web.filter.OncePerRequestFilter.doFilter(OncePerRequestFilter.java:119) ~[spring-web-5.2.8.RELEASE.jar:5.2.8.RELEASE]
	at org.springframework.security.web.FilterChainProxy$VirtualFilterChain.doFilter(FilterChainProxy.java:334) ~[spring-security-web-5.3.3.RELEASE.jar:5.3.3.RELEASE]
	at org.springframework.security.web.FilterChainProxy.doFilterInternal(FilterChainProxy.java:215) ~[spring-security-web-5.3.3.RELEASE.jar:5.3.3.RELEASE]
	at org.springframework.security.web.FilterChainProxy.doFilter(FilterChainProxy.java:178) ~[spring-security-web-5.3.3.RELEASE.jar:5.3.3.RELEASE]
	at org.springframework.web.filter.DelegatingFilterProxy.invokeDelegate(DelegatingFilterProxy.java:358) ~[spring-web-5.2.8.RELEASE.jar:5.2.8.RELEASE]
	at org.springframework.web.filter.DelegatingFilterProxy.doFilter(DelegatingFilterProxy.java:271) ~[spring-web-5.2.8.RELEASE.jar:5.2.8.RELEASE]
	at org.apache.catalina.core.ApplicationFilterChain.internalDoFilter(ApplicationFilterChain.java:193) ~[tomcat-embed-core-9.0.37.jar:9.0.37]
	at org.apache.catalina.core.ApplicationFilterChain.doFilter(ApplicationFilterChain.java:166) ~[tomcat-embed-core-9.0.37.jar:9.0.37]
	at org.springframework.web.filter.RequestContextFilter.doFilterInternal(RequestContextFilter.java:100) ~[spring-web-5.2.8.RELEASE.jar:5.2.8.RELEASE]
	at org.springframework.web.filter.OncePerRequestFilter.doFilter(OncePerRequestFilter.java:119) ~[spring-web-5.2.8.RELEASE.jar:5.2.8.RELEASE]
	at org.apache.catalina.core.ApplicationFilterChain.internalDoFilter(ApplicationFilterChain.java:193) ~[tomcat-embed-core-9.0.37.jar:9.0.37]
	at org.apache.catalina.core.ApplicationFilterChain.doFilter(ApplicationFilterChain.java:166) ~[tomcat-embed-core-9.0.37.jar:9.0.37]
	at org.springframework.web.filter.FormContentFilter.doFilterInternal(FormContentFilter.java:93) ~[spring-web-5.2.8.RELEASE.jar:5.2.8.RELEASE]
	at org.springframework.web.filter.OncePerRequestFilter.doFilter(OncePerRequestFilter.java:119) ~[spring-web-5.2.8.RELEASE.jar:5.2.8.RELEASE]
	at org.apache.catalina.core.ApplicationFilterChain.internalDoFilter(ApplicationFilterChain.java:193) ~[tomcat-embed-core-9.0.37.jar:9.0.37]
	at org.apache.catalina.core.ApplicationFilterChain.doFilter(ApplicationFilterChain.java:166) ~[tomcat-embed-core-9.0.37.jar:9.0.37]
	at brave.servlet.TracingFilter.doFilter(TracingFilter.java:87) ~[brave-instrumentation-servlet-5.12.3.jar:na]
	at org.springframework.cloud.sleuth.instrument.web.LazyTracingFilter.doFilter(TraceWebServletAutoConfiguration.java:139) ~[spring-cloud-sleuth-core-2.2.3.RELEASE.jar:2.2.3.RELEASE]
	at org.apache.catalina.core.ApplicationFilterChain.internalDoFilter(ApplicationFilterChain.java:193) ~[tomcat-embed-core-9.0.37.jar:9.0.37]
	at org.apache.catalina.core.ApplicationFilterChain.doFilter(ApplicationFilterChain.java:166) ~[tomcat-embed-core-9.0.37.jar:9.0.37]
	at org.springframework.boot.actuate.metrics.web.servlet.WebMvcMetricsFilter.doFilterInternal(WebMvcMetricsFilter.java:93) ~[spring-boot-actuator-2.3.2.RELEASE.jar:2.3.2.RELEASE]
	at org.springframework.web.filter.OncePerRequestFilter.doFilter(OncePerRequestFilter.java:119) ~[spring-web-5.2.8.RELEASE.jar:5.2.8.RELEASE]
	at org.apache.catalina.core.ApplicationFilterChain.internalDoFilter(ApplicationFilterChain.java:193) ~[tomcat-embed-core-9.0.37.jar:9.0.37]
	at org.apache.catalina.core.ApplicationFilterChain.doFilter(ApplicationFilterChain.java:166) ~[tomcat-embed-core-9.0.37.jar:9.0.37]
	at org.springframework.web.filter.CharacterEncodingFilter.doFilterInternal(CharacterEncodingFilter.java:201) ~[spring-web-5.2.8.RELEASE.jar:5.2.8.RELEASE]
	at org.springframework.web.filter.OncePerRequestFilter.doFilter(OncePerRequestFilter.java:119) ~[spring-web-5.2.8.RELEASE.jar:5.2.8.RELEASE]
	at org.apache.catalina.core.ApplicationFilterChain.internalDoFilter(ApplicationFilterChain.java:193) ~[tomcat-embed-core-9.0.37.jar:9.0.37]
	at org.apache.catalina.core.ApplicationFilterChain.doFilter(ApplicationFilterChain.java:166) ~[tomcat-embed-core-9.0.37.jar:9.0.37]
	at org.apache.catalina.core.StandardWrapperValve.invoke(StandardWrapperValve.java:202) ~[tomcat-embed-core-9.0.37.jar:9.0.37]
	at org.apache.catalina.core.StandardContextValve.invoke(StandardContextValve.java:96) ~[tomcat-embed-core-9.0.37.jar:9.0.37]
	at org.apache.catalina.authenticator.AuthenticatorBase.invoke(AuthenticatorBase.java:541) ~[tomcat-embed-core-9.0.37.jar:9.0.37]
	at org.apache.catalina.core.StandardHostValve.invoke(StandardHostValve.java:139) ~[tomcat-embed-core-9.0.37.jar:9.0.37]
	at org.apache.catalina.valves.ErrorReportValve.invoke(ErrorReportValve.java:92) ~[tomcat-embed-core-9.0.37.jar:9.0.37]
	at org.apache.catalina.core.StandardEngineValve.invoke(StandardEngineValve.java:74) ~[tomcat-embed-core-9.0.37.jar:9.0.37]
	at org.apache.catalina.connector.CoyoteAdapter.service(CoyoteAdapter.java:343) ~[tomcat-embed-core-9.0.37.jar:9.0.37]
	at org.apache.coyote.http11.Http11Processor.service(Http11Processor.java:373) ~[tomcat-embed-core-9.0.37.jar:9.0.37]
	at org.apache.coyote.AbstractProcessorLight.process(AbstractProcessorLight.java:65) ~[tomcat-embed-core-9.0.37.jar:9.0.37]
	at org.apache.coyote.AbstractProtocol$ConnectionHandler.process(AbstractProtocol.java:868) ~[tomcat-embed-core-9.0.37.jar:9.0.37]
	at org.apache.tomcat.util.net.NioEndpoint$SocketProcessor.doRun(NioEndpoint.java:1589) ~[tomcat-embed-core-9.0.37.jar:9.0.37]
	at org.apache.tomcat.util.net.SocketProcessorBase.run(SocketProcessorBase.java:49) ~[tomcat-embed-core-9.0.37.jar:9.0.37]
	at java.base/java.util.concurrent.ThreadPoolExecutor.runWorker(ThreadPoolExecutor.java:1130) ~[na:na]
	at java.base/java.util.concurrent.ThreadPoolExecutor$Worker.run(ThreadPoolExecutor.java:630) ~[na:na]
	at org.apache.tomcat.util.threads.TaskThread$WrappingRunnable.run(TaskThread.java:61) ~[tomcat-embed-core-9.0.37.jar:9.0.37]
	at java.base/java.lang.Thread.run(Thread.java:832) ~[na:na]

2020-08-14 20:39:02.433  INFO [library-service-app,,,] 12948 --- [PollingServerListUpdater-0] c.netflix.config.ChainedDynamicProperty  : Flipping property: book-service-app.ribbon.ActiveConnectionsLimit to use NEXT property: niws.loadbalancer.availabilityFilteringRule.activeConnectionsLimit = 2147483647
