2020-08-15 00:10:12.356  WARN [Authorization Server,,,] 13451 --- [HikariPool-1 housekeeper] com.zaxxer.hikari.pool.HikariPool        : HikariPool-1 - Thread starvation or clock leap detected (housekeeper delta=19m46s397ms).
2020-08-15 00:10:17.188  INFO [Authorization Server,,,] 13451 --- [AsyncResolver-bootstrap-executor-0] c.n.d.s.r.aws.ConfigClusterResolver      : Resolving eureka endpoints via configuration
2020-08-15 00:15:17.183  INFO [Authorization Server,,,] 13451 --- [AsyncResolver-bootstrap-executor-0] c.n.d.s.r.aws.ConfigClusterResolver      : Resolving eureka endpoints via configuration
2020-08-15 00:20:17.195  INFO [Authorization Server,,,] 13451 --- [AsyncResolver-bootstrap-executor-0] c.n.d.s.r.aws.ConfigClusterResolver      : Resolving eureka endpoints via configuration
2020-08-15 00:25:17.199  INFO [Authorization Server,,,] 13451 --- [AsyncResolver-bootstrap-executor-0] c.n.d.s.r.aws.ConfigClusterResolver      : Resolving eureka endpoints via configuration
2020-08-15 00:30:17.202  INFO [Authorization Server,,,] 13451 --- [AsyncResolver-bootstrap-executor-0] c.n.d.s.r.aws.ConfigClusterResolver      : Resolving eureka endpoints via configuration
2020-08-15 00:35:17.204  INFO [Authorization Server,,,] 13451 --- [AsyncResolver-bootstrap-executor-0] c.n.d.s.r.aws.ConfigClusterResolver      : Resolving eureka endpoints via configuration
2020-08-15 00:40:17.208  INFO [Authorization Server,,,] 13451 --- [AsyncResolver-bootstrap-executor-0] c.n.d.s.r.aws.ConfigClusterResolver      : Resolving eureka endpoints via configuration
2020-08-15 00:45:17.206  INFO [Authorization Server,,,] 13451 --- [AsyncResolver-bootstrap-executor-0] c.n.d.s.r.aws.ConfigClusterResolver      : Resolving eureka endpoints via configuration
2020-08-15 00:50:17.213  INFO [Authorization Server,,,] 13451 --- [AsyncResolver-bootstrap-executor-0] c.n.d.s.r.aws.ConfigClusterResolver      : Resolving eureka endpoints via configuration
2020-08-15 00:55:17.220  INFO [Authorization Server,,,] 13451 --- [AsyncResolver-bootstrap-executor-0] c.n.d.s.r.aws.ConfigClusterResolver      : Resolving eureka endpoints via configuration
2020-08-15 01:00:17.224  INFO [Authorization Server,,,] 13451 --- [AsyncResolver-bootstrap-executor-0] c.n.d.s.r.aws.ConfigClusterResolver      : Resolving eureka endpoints via configuration
2020-08-15 01:05:17.231  INFO [Authorization Server,,,] 13451 --- [AsyncResolver-bootstrap-executor-0] c.n.d.s.r.aws.ConfigClusterResolver      : Resolving eureka endpoints via configuration
2020-08-15 01:10:17.235  INFO [Authorization Server,,,] 13451 --- [AsyncResolver-bootstrap-executor-0] c.n.d.s.r.aws.ConfigClusterResolver      : Resolving eureka endpoints via configuration
2020-08-15 01:13:53.787  INFO [Authorization Server,f4b9a6117f986bf3,f4b9a6117f986bf3,true] 13451 --- [http-nio-8383-exec-1] o.s.s.o.p.token.store.JdbcTokenStore     : Failed to find access token for token 57d0d2f9-486a-4971-a815-e32317635116
2020-08-15 01:14:13.438  INFO [Authorization Server,3b1d1a8fc51bac89,3b1d1a8fc51bac89,true] 13451 --- [http-nio-8383-exec-3] o.s.s.o.p.token.store.JdbcTokenStore     : Failed to find access token for token c57d0d2f9-486a-4971-a815-e32317635116
2020-08-15 01:14:13.440  INFO [Authorization Server,3b1d1a8fc51bac89,3b1d1a8fc51bac89,true] 13451 --- [http-nio-8383-exec-3] o.s.s.o.p.endpoint.CheckTokenEndpoint    : Handling error: InvalidTokenException, Token was not recognised
2020-08-15 01:15:17.250  INFO [Authorization Server,,,] 13451 --- [AsyncResolver-bootstrap-executor-0] c.n.d.s.r.aws.ConfigClusterResolver      : Resolving eureka endpoints via configuration
2020-08-15 01:20:17.254  INFO [Authorization Server,,,] 13451 --- [AsyncResolver-bootstrap-executor-0] c.n.d.s.r.aws.ConfigClusterResolver      : Resolving eureka endpoints via configuration
2020-08-15 01:25:17.257  INFO [Authorization Server,,,] 13451 --- [AsyncResolver-bootstrap-executor-0] c.n.d.s.r.aws.ConfigClusterResolver      : Resolving eureka endpoints via configuration
2020-08-15 01:30:17.259  INFO [Authorization Server,,,] 13451 --- [AsyncResolver-bootstrap-executor-0] c.n.d.s.r.aws.ConfigClusterResolver      : Resolving eureka endpoints via configuration
2020-08-15 01:35:17.258  INFO [Authorization Server,,,] 13451 --- [AsyncResolver-bootstrap-executor-0] c.n.d.s.r.aws.ConfigClusterResolver      : Resolving eureka endpoints via configuration
2020-08-15 02:12:59.920  WARN [Authorization Server,,,] 13451 --- [HikariPool-1 housekeeper] com.zaxxer.hikari.pool.HikariPool        : HikariPool-1 - Thread starvation or clock leap detected (housekeeper delta=34m16s978ms).
2020-08-15 02:24:41.114  WARN [Authorization Server,,,] 13451 --- [HikariPool-1 housekeeper] com.zaxxer.hikari.pool.HikariPool        : HikariPool-1 - Thread starvation or clock leap detected (housekeeper delta=11m41s193ms).
2020-08-15 02:25:15.419  INFO [Authorization Server,,,] 13451 --- [AsyncResolver-bootstrap-executor-0] c.n.d.s.r.aws.ConfigClusterResolver      : Resolving eureka endpoints via configuration
2020-08-15 04:25:40.765  WARN [Authorization Server,,,] 13451 --- [HikariPool-1 housekeeper] com.zaxxer.hikari.pool.HikariPool        : HikariPool-1 - Thread starvation or clock leap detected (housekeeper delta=2h29s646ms).
2020-08-15 11:15:03.158  WARN [Authorization Server,,,] 13451 --- [HikariPool-1 housekeeper] com.zaxxer.hikari.pool.HikariPool        : HikariPool-1 - Thread starvation or clock leap detected (housekeeper delta=6h49m22s219ms).
2020-08-15 14:26:33.162  WARN [Authorization Server,,,] 13451 --- [HikariPool-1 housekeeper] com.zaxxer.hikari.pool.HikariPool        : HikariPool-1 - Thread starvation or clock leap detected (housekeeper delta=3h10m59s955ms).
2020-08-15 16:21:29.148  WARN [Authorization Server,,,] 13451 --- [HikariPool-1 housekeeper] com.zaxxer.hikari.pool.HikariPool        : HikariPool-1 - Thread starvation or clock leap detected (housekeeper delta=1h54m55s986ms).
2020-08-15 16:21:29.783  INFO [Authorization Server,14702aa07664d10b,14702aa07664d10b,true] 13451 --- [http-nio-8383-exec-10] o.s.s.o.p.endpoint.CheckTokenEndpoint    : Handling error: InvalidTokenException, Token has expired
2020-08-15 16:21:34.942  INFO [Authorization Server,1f8af6125ce4f055,1f8af6125ce4f055,true] 13451 --- [http-nio-8383-exec-1] o.s.s.o.p.token.store.JdbcTokenStore     : Failed to find access token for token e84ff1c1-95b4-4d8f-8406-556902c5c20e
2020-08-15 16:23:46.403  INFO [Authorization Server,,,] 13451 --- [AsyncResolver-bootstrap-executor-0] c.n.d.s.r.aws.ConfigClusterResolver      : Resolving eureka endpoints via configuration
2020-08-15 16:24:58.785  WARN [Authorization Server,,,] 13451 --- [HikariPool-1 housekeeper] com.zaxxer.hikari.pool.HikariPool        : HikariPool-1 - Retrograde clock change detected (housekeeper delta=29s628ms), soft-evicting connections from pool.
2020-08-15 16:28:46.034  INFO [Authorization Server,,,] 13451 --- [AsyncResolver-bootstrap-executor-0] c.n.d.s.r.aws.ConfigClusterResolver      : Resolving eureka endpoints via configuration
2020-08-15 16:33:46.038  INFO [Authorization Server,,,] 13451 --- [AsyncResolver-bootstrap-executor-0] c.n.d.s.r.aws.ConfigClusterResolver      : Resolving eureka endpoints via configuration
2020-08-15 16:38:46.066  INFO [Authorization Server,,,] 13451 --- [AsyncResolver-bootstrap-executor-0] c.n.d.s.r.aws.ConfigClusterResolver      : Resolving eureka endpoints via configuration
2020-08-15 16:43:46.070  INFO [Authorization Server,,,] 13451 --- [AsyncResolver-bootstrap-executor-0] c.n.d.s.r.aws.ConfigClusterResolver      : Resolving eureka endpoints via configuration
2020-08-15 16:44:17.772  INFO [Authorization Server,,,] 13451 --- [SpringContextShutdownHook] o.s.c.n.e.s.EurekaServiceRegistry        : Unregistering application AUTHORIZATION SERVER with eureka with status DOWN
2020-08-15 16:44:17.774  WARN [Authorization Server,,,] 13451 --- [SpringContextShutdownHook] com.netflix.discovery.DiscoveryClient    : Saw local status change event StatusChangeEvent [timestamp=1597490057773, current=DOWN, previous=UP]
2020-08-15 16:44:17.774  INFO [Authorization Server,,,] 13451 --- [DiscoveryClient-InstanceInfoReplicator-0] com.netflix.discovery.DiscoveryClient    : DiscoveryClient_AUTHORIZATION SERVER/192.168.0.4:Authorization Server:8383: registering service...
2020-08-15 16:44:17.784  INFO [Authorization Server,,,] 13451 --- [DiscoveryClient-InstanceInfoReplicator-0] com.netflix.discovery.DiscoveryClient    : DiscoveryClient_AUTHORIZATION SERVER/192.168.0.4:Authorization Server:8383 - registration status: 204
2020-08-15 16:44:17.995  INFO [Authorization Server,,,] 13451 --- [SpringContextShutdownHook] j.LocalContainerEntityManagerFactoryBean : Closing JPA EntityManagerFactory for persistence unit 'default'
2020-08-15 16:44:18.024  INFO [Authorization Server,,,] 13451 --- [SpringContextShutdownHook] o.s.s.concurrent.ThreadPoolTaskExecutor  : Shutting down ExecutorService 'applicationTaskExecutor'
2020-08-15 16:44:18.028  INFO [Authorization Server,,,] 13451 --- [SpringContextShutdownHook] com.zaxxer.hikari.HikariDataSource       : HikariPool-1 - Shutdown initiated...
2020-08-15 16:44:18.055  INFO [Authorization Server,,,] 13451 --- [SpringContextShutdownHook] com.zaxxer.hikari.HikariDataSource       : HikariPool-1 - Shutdown completed.
2020-08-15 16:44:18.732  INFO [Authorization Server,,,] 13451 --- [SpringContextShutdownHook] com.netflix.discovery.DiscoveryClient    : Shutting down DiscoveryClient ...
2020-08-15 16:44:21.741  INFO [Authorization Server,,,] 13451 --- [SpringContextShutdownHook] com.netflix.discovery.DiscoveryClient    : Unregistering ...
2020-08-15 16:44:21.755  INFO [Authorization Server,,,] 13451 --- [SpringContextShutdownHook] com.netflix.discovery.DiscoveryClient    : DiscoveryClient_AUTHORIZATION SERVER/192.168.0.4:Authorization Server:8383 - deregister  status: 200
2020-08-15 16:44:21.772  INFO [Authorization Server,,,] 13451 --- [SpringContextShutdownHook] com.netflix.discovery.DiscoveryClient    : Completed shut down of DiscoveryClient
